Log file open, 05/12/18 13:45:30
LogWindows: Failed to load 'aqProf.dll' (GetLastError=126)
LogWindows: File 'aqProf.dll' does not exist
LogWindows: Failed to load 'VtuneApi.dll' (GetLastError=126)
LogWindows: File 'VtuneApi.dll' does not exist
LogWindows: Failed to load 'VtuneApi32e.dll' (GetLastError=126)
LogWindows: File 'VtuneApi32e.dll' does not exist
LogInit: Display: Running engine for game: Crazy_M8s
LogPlatformFile: Not using cached read wrapper
LogInit: Display: RandInit(1720698373) SRandInit(1720698373).
LogInit: Read version file with build ID '3944462'
LogInit: Overriding engine version to CL 4033788, compatible CL 3944462
LogInit: Registered custom module enumerator with build ID '3944462'
LogTaskGraph: Started task graph with 5 named threads and 23 total threads with 3 sets of task threads.
LogStats: Stats thread started at 0.276668
LogD3D11RHI: Aftermath initialized
LogICUInternationalization: Display: ICU TimeZone Detection - Raw Offset: -5:00, Platform Override: ''
LogModuleManager: Display: Found up-to-date module file ../../../Engine/Plugins/2D/Paper2D/Binaries/Win64/UE4Editor-Paper2D.dll (API version 3944462).
LogModuleManager: Display: Found up-to-date module file ../../../Engine/Plugins/2D/Paper2D/Binaries/Win64/UE4Editor-Paper2DEditor.dll (API version 3944462).
LogModuleManager: Display: Found up-to-date module file ../../../Engine/Plugins/2D/Paper2D/Binaries/Win64/UE4Editor-PaperSpriteSheetImporter.dll (API version 3944462).
LogModuleManager: Display: Found up-to-date module file ../../../Engine/Plugins/2D/Paper2D/Binaries/Win64/UE4Editor-PaperTiledImporter.dll (API version 3944462).
LogModuleManager: Display: Found up-to-date module file ../../../Engine/Plugins/2D/Paper2D/Binaries/Win64/UE4Editor-SmartSnapping.dll (API version 3944462).
LogModuleManager: Display: Found up-to-date module file ../../../Engine/Plugins/Blendables/LightPropagationVolume/Binaries/Win64/UE4Editor-LightPropagationVolumeRuntime.dll (API version 3944462).
LogModuleManager: Display: Found up-to-date module file ../../../Engine/Plugins/Blendables/LightPropagationVolume/Binaries/Win64/UE4Editor-LightPropagationVolumeEditor.dll (API version 3944462).
LogModuleManager: Display: Found up-to-date module file ../../../Engine/Plugins/Developer/CLionSourceCodeAccess/Binaries/Win64/UE4Editor-CLionSourceCodeAccess.dll (API version 3944462).
LogModuleManager: Display: Found up-to-date module file ../../../Engine/Plugins/Developer/GitSourceControl/Binaries/Win64/UE4Editor-GitSourceControl.dll (API version 3944462).
LogModuleManager: Display: Found up-to-date module file ../../../Engine/Plugins/Developer/PerforceSourceControl/Binaries/Win64/UE4Editor-PerforceSourceControl.dll (API version 3944462).
LogModuleManager: Display: Found up-to-date module file ../../../Engine/Plugins/Developer/SubversionSourceControl/Binaries/Win64/UE4Editor-SubversionSourceControl.dll (API version 3944462).
LogModuleManager: Display: Found up-to-date module file ../../../Engine/Plugins/Developer/UObjectPlugin/Binaries/Win64/UE4Editor-UObjectPlugin.dll (API version 3944462).
LogModuleManager: Display: Found up-to-date module file ../../../Engine/Plugins/Developer/VisualStudioCodeSourceCodeAccess/Binaries/Win64/UE4Editor-VisualStudioCodeSourceCodeAccess.dll (API version 3944462).
LogModuleManager: Display: Found up-to-date module file ../../../Engine/Plugins/Developer/VisualStudioSourceCodeAccess/Binaries/Win64/UE4Editor-VisualStudioSourceCodeAccess.dll (API version 3944462).
LogModuleManager: Display: Found up-to-date module file ../../../Engine/Plugins/Editor/AssetManagerEditor/Binaries/Win64/UE4Editor-AssetManagerEditor.dll (API version 3944462).
LogModuleManager: Display: Found up-to-date module file ../../../Engine/Plugins/Editor/CryptoKeys/Binaries/Win64/UE4Editor-CryptoKeys.dll (API version 3944462).
LogModuleManager: Display: Found up-to-date module file ../../../Engine/Plugins/Editor/CryptoKeys/Binaries/Win64/UE4Editor-CryptoKeysOpenSSL.dll (API version 3944462).
LogModuleManager: Display: Found up-to-date module file ../../../Engine/Plugins/Editor/DataValidation/Binaries/Win64/UE4Editor-DataValidation.dll (API version 3944462).
LogModuleManager: Display: Found up-to-date module file ../../../Engine/Plugins/Editor/FacialAnimation/Binaries/Win64/UE4Editor-FacialAnimation.dll (API version 3944462).
LogModuleManager: Display: Found up-to-date module file ../../../Engine/Plugins/Editor/FacialAnimation/Binaries/Win64/UE4Editor-FacialAnimationEditor.dll (API version 3944462).
LogModuleManager: Display: Found up-to-date module file ../../../Engine/Plugins/Editor/GameplayTagsEditor/Binaries/Win64/UE4Editor-GameplayTagsEditor.dll (API version 3944462).
LogModuleManager: Display: Found up-to-date module file ../../../Engine/Plugins/Editor/MobileLauncherProfileWizard/Binaries/Win64/UE4Editor-MobileLauncherProfileWizard.dll (API version 3944462).
LogModuleManager: Display: Found up-to-date module file ../../../Engine/Plugins/Editor/PluginBrowser/Binaries/Win64/UE4Editor-PluginBrowser.dll (API version 3944462).
LogModuleManager: Display: Found up-to-date module file ../../../Engine/Plugins/Editor/SpeedTreeImporter/Binaries/Win64/UE4Editor-SpeedTreeImporter.dll (API version 3944462).
LogModuleManager: Display: Found up-to-date module file ../../../Engine/Plugins/Enterprise/DatasmithContent/Binaries/Win64/UE4Editor-DatasmithContent.dll (API version 3944462).
LogModuleManager: Display: Found up-to-date module file ../../../Engine/Plugins/Experimental/AlembicImporter/Binaries/Win64/UE4Editor-AlembicImporter.dll (API version 3944462).
LogModuleManager: Display: Found up-to-date module file ../../../Engine/Plugins/Experimental/AlembicImporter/Binaries/Win64/UE4Editor-AlembicLibrary.dll (API version 3944462).
LogModuleManager: Display: Found up-to-date module file ../../../Engine/Plugins/Experimental/CharacterAI/Binaries/Win64/UE4Editor-CharacterAI.dll (API version 3944462).
LogModuleManager: Display: Found up-to-date module file ../../../Engine/Plugins/Experimental/HTML5Networking/Binaries/Win64/UE4Editor-HTML5Networking.dll (API version 3944462).
LogModuleManager: Display: Found up-to-date module file ../../../Engine/Plugins/Media/AndroidMedia/Binaries/Win64/UE4Editor-AndroidMediaEditor.dll (API version 3944462).
LogModuleManager: Display: Found up-to-date module file ../../../Engine/Plugins/Media/AndroidMedia/Binaries/Win64/UE4Editor-AndroidMediaFactory.dll (API version 3944462).
LogModuleManager: Display: Found up-to-date module file ../../../Engine/Plugins/Media/AvfMedia/Binaries/Win64/UE4Editor-AvfMediaEditor.dll (API version 3944462).
LogModuleManager: Display: Found up-to-date module file ../../../Engine/Plugins/Media/AvfMedia/Binaries/Win64/UE4Editor-AvfMediaFactory.dll (API version 3944462).
LogModuleManager: Display: Found up-to-date module file ../../../Engine/Plugins/Media/AvfMedia/Binaries/Win64/UE4Editor-AvfMediaFactory.dll (API version 3944462).
LogModuleManager: Display: Found up-to-date module file ../../../Engine/Plugins/Media/ImgMedia/Binaries/Win64/UE4Editor-ImgMedia.dll (API version 3944462).
LogModuleManager: Display: Found up-to-date module file ../../../Engine/Plugins/Media/ImgMedia/Binaries/Win64/UE4Editor-ImgMediaEditor.dll (API version 3944462).
LogModuleManager: Display: Found up-to-date module file ../../../Engine/Plugins/Media/ImgMedia/Binaries/Win64/UE4Editor-ImgMediaFactory.dll (API version 3944462).
LogModuleManager: Display: Found up-to-date module file ../../../Engine/Plugins/Media/ImgMedia/Binaries/Win64/UE4Editor-ImgMediaFactory.dll (API version 3944462).
LogModuleManager: Display: Found up-to-date module file ../../../Engine/Plugins/Media/ImgMedia/Binaries/Win64/UE4Editor-OpenExrWrapper.dll (API version 3944462).
LogModuleManager: Display: Found up-to-date module file ../../../Engine/Plugins/Media/LinearTimecode/Binaries/Win64/UE4Editor-LinearTimecode.dll (API version 3944462).
LogModuleManager: Display: Found up-to-date module file ../../../Engine/Plugins/Media/MediaCompositing/Binaries/Win64/UE4Editor-MediaCompositing.dll (API version 3944462).
LogModuleManager: Display: Found up-to-date module file ../../../Engine/Plugins/Media/MediaCompositing/Binaries/Win64/UE4Editor-MediaCompositingEditor.dll (API version 3944462).
LogModuleManager: Display: Found up-to-date module file ../../../Engine/Plugins/Media/MediaPlayerEditor/Binaries/Win64/UE4Editor-MediaPlayerEditor.dll (API version 3944462).
LogModuleManager: Display: Found up-to-date module file ../../../Engine/Plugins/Media/WmfMedia/Binaries/Win64/UE4Editor-WmfMedia.dll (API version 3944462).
LogModuleManager: Display: Found up-to-date module file ../../../Engine/Plugins/Media/WmfMedia/Binaries/Win64/UE4Editor-WmfMediaEditor.dll (API version 3944462).
LogModuleManager: Display: Found up-to-date module file ../../../Engine/Plugins/Media/WmfMedia/Binaries/Win64/UE4Editor-WmfMediaFactory.dll (API version 3944462).
LogModuleManager: Display: Found up-to-date module file ../../../Engine/Plugins/Media/WmfMedia/Binaries/Win64/UE4Editor-WmfMediaFactory.dll (API version 3944462).
LogModuleManager: Display: Found up-to-date module file ../../../Engine/Plugins/Messaging/TcpMessaging/Binaries/Win64/UE4Editor-TcpMessaging.dll (API version 3944462).
LogModuleManager: Display: Found up-to-date module file ../../../Engine/Plugins/Messaging/UdpMessaging/Binaries/Win64/UE4Editor-UdpMessaging.dll (API version 3944462).
LogModuleManager: Display: Found up-to-date module file ../../../Engine/Plugins/MovieScene/ActorSequence/Binaries/Win64/UE4Editor-ActorSequence.dll (API version 3944462).
LogModuleManager: Display: Found up-to-date module file ../../../Engine/Plugins/MovieScene/LevelSequenceEditor/Binaries/Win64/UE4Editor-LevelSequenceEditor.dll (API version 3944462).
LogModuleManager: Display: Found up-to-date module file ../../../Engine/Plugins/MovieScene/MatineeToLevelSequence/Binaries/Win64/UE4Editor-MatineeToLevelSequence.dll (API version 3944462).
LogModuleManager: Display: Found up-to-date module file ../../../Engine/Plugins/NetcodeUnitTest/NetcodeUnitTest/Binaries/Win64/UE4Editor-NetcodeUnitTest.dll (API version 3944462).
LogModuleManager: Display: Found up-to-date module file ../../../Engine/Plugins/NetcodeUnitTest/NUTUnrealEngine4/Binaries/Win64/UE4Editor-NUTUnrealEngine4.dll (API version 3944462).
LogModuleManager: Display: Found up-to-date module file ../../../Engine/Plugins/Online/OnlineSubsystem/Binaries/Win64/UE4Editor-OnlineSubsystem.dll (API version 3944462).
LogModuleManager: Display: Found up-to-date module file ../../../Engine/Plugins/Runtime/AndroidPermission/Binaries/Win64/UE4Editor-AndroidPermission.dll (API version 3944462).
LogModuleManager: Display: Found up-to-date module file ../../../Engine/Plugins/Online/OnlineSubsystemNull/Binaries/Win64/UE4Editor-OnlineSubsystemNull.dll (API version 3944462).
LogModuleManager: Display: Found up-to-date module file ../../../Engine/Plugins/Online/OnlineSubsystemUtils/Binaries/Win64/UE4Editor-OnlineSubsystemUtils.dll (API version 3944462).
LogModuleManager: Display: Found up-to-date module file ../../../Engine/Plugins/Online/OnlineSubsystemUtils/Binaries/Win64/UE4Editor-OnlineBlueprintSupport.dll (API version 3944462).
LogModuleManager: Display: Found up-to-date module file ../../../Engine/Plugins/Runtime/AndroidDeviceProfileSelector/Binaries/Win64/UE4Editor-AndroidDeviceProfileSelector.dll (API version 3944462).
LogModuleManager: Display: Found up-to-date module file ../../../Engine/Plugins/Runtime/AppleARKit/Binaries/Win64/UE4Editor-AppleARKit.dll (API version 3944462).
LogModuleManager: Display: Found up-to-date module file ../../../Engine/Plugins/Runtime/ProceduralMeshComponent/Binaries/Win64/UE4Editor-ProceduralMeshComponent.dll (API version 3944462).
LogModuleManager: Display: Found up-to-date module file ../../../Engine/Plugins/Runtime/ProceduralMeshComponent/Binaries/Win64/UE4Editor-ProceduralMeshComponentEditor.dll (API version 3944462).
LogModuleManager: Display: Found up-to-date module file ../../../Engine/Plugins/Animation/LiveLink/Binaries/Win64/UE4Editor-LiveLink.dll (API version 3944462).
LogModuleManager: Display: Found up-to-date module file ../../../Engine/Plugins/Animation/LiveLink/Binaries/Win64/UE4Editor-LiveLinkEditor.dll (API version 3944462).
LogModuleManager: Display: Found up-to-date module file ../../../Engine/Plugins/Runtime/ArchVisCharacter/Binaries/Win64/UE4Editor-ArchVisCharacter.dll (API version 3944462).
LogModuleManager: Display: Found up-to-date module file ../../../Engine/Plugins/Runtime/AudioCapture/Binaries/Win64/UE4Editor-AudioCapture.dll (API version 3944462).
LogModuleManager: Display: Found up-to-date module file ../../../Engine/Plugins/Runtime/AudioCapture/Binaries/Win64/UE4Editor-AudioCaptureEditor.dll (API version 3944462).
LogModuleManager: Display: Found up-to-date module file ../../../Engine/Plugins/Runtime/CableComponent/Binaries/Win64/UE4Editor-CableComponent.dll (API version 3944462).
LogModuleManager: Display: Found up-to-date module file ../../../Engine/Plugins/Runtime/CustomMeshComponent/Binaries/Win64/UE4Editor-CustomMeshComponent.dll (API version 3944462).
LogModuleManager: Display: Found up-to-date module file ../../../Engine/Plugins/Runtime/ExampleDeviceProfileSelector/Binaries/Win64/UE4Editor-ExampleDeviceProfileSelector.dll (API version 3944462).
LogModuleManager: Display: Found up-to-date module file ../../../Engine/Plugins/Runtime/ImmediatePhysics/Binaries/Win64/UE4Editor-ImmediatePhysics.dll (API version 3944462).
LogModuleManager: Display: Found up-to-date module file ../../../Engine/Plugins/Runtime/ImmediatePhysics/Binaries/Win64/UE4Editor-ImmediatePhysicsEditor.dll (API version 3944462).
LogModuleManager: Display: Found up-to-date module file ../../../Engine/Plugins/Runtime/LocationServicesBPLibrary/Binaries/Win64/UE4Editor-LocationServicesBPLibrary.dll (API version 3944462).
LogModuleManager: Display: Found up-to-date module file ../../../Engine/Plugins/Runtime/MobilePatchingUtils/Binaries/Win64/UE4Editor-MobilePatchingUtils.dll (API version 3944462).
LogModuleManager: Display: Found up-to-date module file ../../../Engine/Plugins/Runtime/Oculus/OculusVR/Binaries/Win64/UE4Editor-OculusHMD.dll (API version 3944462).
LogModuleManager: Display: Found up-to-date module file ../../../Engine/Plugins/Runtime/Oculus/OculusVR/Binaries/Win64/UE4Editor-OculusInput.dll (API version 3944462).
LogModuleManager: Display: Found up-to-date module file ../../../Engine/Plugins/Runtime/Oculus/OculusVR/Binaries/Win64/UE4Editor-OculusEditor.dll (API version 3944462).
LogModuleManager: Display: Found up-to-date module file ../../../Engine/Plugins/Runtime/PhysXVehicles/Binaries/Win64/UE4Editor-PhysXVehicles.dll (API version 3944462).
LogModuleManager: Display: Found up-to-date module file ../../../Engine/Plugins/Runtime/PhysXVehicles/Binaries/Win64/UE4Editor-PhysXVehiclesEditor.dll (API version 3944462).
LogModuleManager: Display: Found up-to-date module file ../../../Engine/Plugins/Runtime/RuntimePhysXCooking/Binaries/Win64/UE4Editor-RuntimePhysXCooking.dll (API version 3944462).
LogModuleManager: Display: Found up-to-date module file ../../../Engine/Plugins/Runtime/Steam/SteamVR/Binaries/Win64/UE4Editor-SteamVR.dll (API version 3944462).
LogModuleManager: Display: Found up-to-date module file ../../../Engine/Plugins/Runtime/Steam/SteamVR/Binaries/Win64/UE4Editor-SteamVRController.dll (API version 3944462).
LogModuleManager: Display: Found up-to-date module file ../../../Engine/Plugins/Runtime/WindowsMoviePlayer/Binaries/Win64/UE4Editor-WindowsMoviePlayer.dll (API version 3944462).
LogPluginManager: Mounting plugin Paper2D
LogPluginManager: Mounting plugin LiveLink
LogPluginManager: Mounting plugin LightPropagationVolume
LogPluginManager: Mounting plugin CLionSourceCodeAccess
LogPluginManager: Mounting plugin CodeLiteSourceCodeAccess
LogPluginManager: Mounting plugin GitSourceControl
LogPluginManager: Mounting plugin KDevelopSourceCodeAccess
LogPluginManager: Mounting plugin NullSourceCodeAccess
LogPluginManager: Mounting plugin PerforceSourceControl
LogPluginManager: Mounting plugin SubversionSourceControl
LogPluginManager: Mounting plugin UObjectPlugin
LogPluginManager: Mounting plugin VisualStudioCodeSourceCodeAccess
LogPluginManager: Mounting plugin VisualStudioSourceCodeAccess
LogPluginManager: Mounting plugin XCodeSourceCodeAccess
LogPluginManager: Mounting plugin AssetManagerEditor
LogPluginManager: Mounting plugin CryptoKeys
LogPluginManager: Mounting plugin DataValidation
LogPluginManager: Mounting plugin FacialAnimation
LogPluginManager: Mounting plugin GameplayTagsEditor
LogPluginManager: Mounting plugin MobileLauncherProfileWizard
LogPluginManager: Mounting plugin PluginBrowser
LogPluginManager: Mounting plugin SpeedTreeImporter
LogPluginManager: Mounting plugin DatasmithContent
LogPluginManager: Mounting plugin AlembicImporter
LogPluginManager: Mounting plugin CharacterAI
LogPluginManager: Mounting plugin HTML5Networking
LogPluginManager: Mounting plugin AndroidMedia
LogPluginManager: Mounting plugin AvfMedia
LogPluginManager: Mounting plugin ImgMedia
LogPluginManager: Mounting plugin LinearTimecode
LogPluginManager: Mounting plugin MediaCompositing
LogPluginManager: Mounting plugin MediaPlayerEditor
LogPluginManager: Mounting plugin WmfMedia
LogPluginManager: Mounting plugin TcpMessaging
LogPluginManager: Mounting plugin UdpMessaging
LogPluginManager: Mounting plugin ActorSequence
LogPluginManager: Mounting plugin LevelSequenceEditor
LogPluginManager: Mounting plugin MatineeToLevelSequence
LogPluginManager: Mounting plugin NetcodeUnitTest
LogPluginManager: Mounting plugin NUTUnrealEngine4
LogPluginManager: Mounting plugin OnlineSubsystemGooglePlay
LogPluginManager: Mounting plugin OnlineSubsystemIOS
LogPluginManager: Mounting plugin OnlineSubsystem
LogPluginManager: Mounting plugin OnlineSubsystemNull
LogPluginManager: Mounting plugin OnlineSubsystemUtils
LogPluginManager: Mounting plugin AndroidDeviceProfileSelector
LogPluginManager: Mounting plugin AndroidMoviePlayer
LogPluginManager: Mounting plugin AndroidPermission
LogPluginManager: Mounting plugin AppleARKit
LogPluginManager: Mounting plugin AppleMoviePlayer
LogPluginManager: Mounting plugin ArchVisCharacter
LogPluginManager: Mounting plugin AudioCapture
LogPluginManager: Mounting plugin CableComponent
LogPluginManager: Mounting plugin CustomMeshComponent
LogPluginManager: Mounting plugin ExampleDeviceProfileSelector
LogPluginManager: Mounting plugin GoogleCloudMessaging
LogPluginManager: Mounting plugin ImmediatePhysics
LogPluginManager: Mounting plugin IOSDeviceProfileSelector
LogPluginManager: Mounting plugin LinuxDeviceProfileSelector
LogPluginManager: Mounting plugin LocationServicesBPLibrary
LogPluginManager: Mounting plugin MobilePatchingUtils
LogPluginManager: Mounting plugin OculusVR
LogPluginManager: Plugin shader directory ../../../Engine/Plugins/Runtime/Oculus/OculusVR/Shaders found
LogPluginManager: Mapping shader source directory ../../../Engine/Plugins/Runtime/Oculus/OculusVR/Shaders to virtual directory /Plugin/OculusVR
LogPluginManager: Mounting plugin PhysXVehicles
LogPluginManager: Mounting plugin ProceduralMeshComponent
LogPluginManager: Mounting plugin RuntimePhysXCooking
LogPluginManager: Mounting plugin SteamVR
LogPluginManager: Mounting plugin WindowsMoviePlayer
LogStreaming: Display: Took  0.720s to configure plugins.
LogInit: Using libcurl 7.47.1
LogInit:  - built for x86_64-pc-win32
LogInit:  - supports SSL with OpenSSL/1.0.2g
LogInit:  - supports HTTP deflate (compression) using libz 1.2.8
LogInit:  - other features:
LogInit:      CURL_VERSION_SSL
LogInit:      CURL_VERSION_LIBZ
LogInit:      CURL_VERSION_IPV6
LogInit:      CURL_VERSION_ASYNCHDNS
LogInit:      CURL_VERSION_LARGEFILE
LogInit:      CURL_VERSION_IDN
LogInit:  CurlRequestOptions (configurable via config and command line):
LogInit:  - bVerifyPeer = false  - Libcurl will NOT verify peer certificate
LogInit:  - bUseHttpProxy = false  - Libcurl will NOT use HTTP proxy
LogInit:  - bDontReuseConnections = false  - Libcurl will reuse connections
LogInit:  - CertBundlePath = nullptr  - Libcurl will use whatever was configured at build time.
LogInit:  - MaxHostConnections = 16  - Libcurl will limit the number of connections to a host
LogInit:  - LocalHostAddr = Default
LogInit: WinSock: version 1.1 (2.2), MaxSocks=32767, MaxUdp=65467
LogInit: WinSock: I am MSI (192.168.1.5:0)
LogHMD: Failed initializing OVRPlugin 1.21.0
LogInit: Build: ++UE4+Release-4.19-CL-4033788
LogInit: Engine Version: 4.19.2-4033788+++UE4+Release-4.19
LogInit: Compatible Engine Version: 4.19.0-3944462+++UE4+Release-4.19
LogInit: Net CL: 3944462
LogDevObjectVersion: Number of dev versions registered: 18
LogDevObjectVersion:   Dev-Blueprints (B0D832E4-1F89-4F0D-ACCF-7EB736FD4AA2): 10
LogDevObjectVersion:   Dev-Build (E1C64328-A22C-4D53-A36C-8E866417BD8C): 0
LogDevObjectVersion:   Dev-Core (375EC13C-06E4-48FB-B500-84F0262A717E): 2
LogDevObjectVersion:   Dev-Editor (E4B068ED-F494-42E9-A231-DA0B2E46BB41): 23
LogDevObjectVersion:   Dev-Framework (CFFC743F-43B0-4480-9391-14DF171D2073): 33
LogDevObjectVersion:   Dev-Mobile (B02B49B5-BB20-44E9-A304-32B752E40360): 2
LogDevObjectVersion:   Dev-Networking (A4E4105C-59A1-49B5-A7C5-40C4547EDFEE): 0
LogDevObjectVersion:   Dev-Online (39C831C9-5AE6-47DC-9A44-9C173E1C8E7C): 0
LogDevObjectVersion:   Dev-Physics (78F01B33-EBEA-4F98-B9B4-84EACCB95AA2): 0
LogDevObjectVersion:   Dev-Platform (6631380F-2D4D-43E0-8009-CF276956A95A): 0
LogDevObjectVersion:   Dev-Rendering (12F88B9F-8875-4AFC-A67C-D90C383ABD29): 25
LogDevObjectVersion:   Dev-Sequencer (7B5AE74C-D270-4C10-A958-57980B212A5A): 6
LogDevObjectVersion:   Dev-VR (D7296918-1DD6-4BDD-9DE2-64A83CC13884): 1
LogDevObjectVersion:   Dev-LoadTimes (C2A15278-BFE7-4AFE-6C17-90FF531DF755): 1
LogDevObjectVersion:   Private-Geometry (6EACA3D4-40EC-4CC1-B786-8BED09428FC5): 2
LogDevObjectVersion:   Dev-AnimPhys (29E575DD-E0A3-4627-9D10-D276232CDCEA): 16
LogDevObjectVersion:   Dev-ReflectionCapture (6B266CEC-1EC7-4B8F-A30B-E4D90942FC07): 1
LogDevObjectVersion:   Dev-Automation (0DF73D61-A23F-47EA-B727-89E90C41499A): 1
LogInit: Compiled (64-bit): Apr 27 2018 02:06:57
LogInit: Compiled with Visual C++: 19.00.24215.01
LogInit: Build Configuration: Development
LogInit: Branch Name: ++UE4+Release-4.19
LogInit: Command Line:  
LogInit: Base Directory: D:/Program Files (x86)/Epic Games/UE_4.19/Engine/Binaries/Win64/
LogInit: Installed Engine Build: 1
LogStreaming: Display: Took  0.000s to delete old logs.
LogInit: Presizing for max 8388607 objects, including 0 objects not considered by GC, pre-allocating 0 bytes for permanent pool.
LogInit: Object subsystem initialized
[2018.05.12-17.45.32:278][  0]LogInit: Selected Device Profile: [Windows]
[2018.05.12-17.45.32:278][  0]LogInit: Applying CVar settings loaded from the selected device profile: [Windows]
[2018.05.12-17.45.32:289][  0]LogInit: Computer: MSI
[2018.05.12-17.45.32:289][  0]LogInit: User: Ryan
[2018.05.12-17.45.32:289][  0]LogInit: CPU Page size=4096, Cores=4
[2018.05.12-17.45.32:289][  0]LogInit: High frequency timer resolution =2.835939 MHz
[2018.05.12-17.45.32:290][  0]LogMemory: Memory total: Physical=32.0GB (32GB approx)
[2018.05.12-17.45.32:290][  0]LogMemory: Platform Memory Stats for Windows
[2018.05.12-17.45.32:290][  0]LogMemory: Process Physical Memory: 279.45 MB used, 279.45 MB peak
[2018.05.12-17.45.32:290][  0]LogMemory: Process Virtual Memory: 269.45 MB used, 269.45 MB peak
[2018.05.12-17.45.32:290][  0]LogMemory: Physical Memory: 6326.71 MB used,  26399.79 MB free, 32726.50 MB total
[2018.05.12-17.45.32:290][  0]LogMemory: Virtual Memory: 748.34 MB used,  26399.79 MB free, 134217728.00 MB total
[2018.05.12-17.45.32:310][  0]LogInit: Using OS detected language (en-US).
[2018.05.12-17.45.32:310][  0]LogInit: Using OS detected locale (en-US).
[2018.05.12-17.45.32:312][  0]LogTextLocalizationManager: No specific localization for 'en-US' exists, so the 'en' localization will be used.
[2018.05.12-17.45.32:742][  0]LogStreaming: Display: Took  0.433s to EndInitTextLocalization.
[2018.05.12-17.45.32:743][  0]LogInit: Setting process to per monitor DPI aware
[2018.05.12-17.45.32:785][  0]LogSlate: New Slate User Created.  User Index 0, Is Virtual User: 0
[2018.05.12-17.45.32:785][  0]LogSlate: Slate User Registered.  User Index 0, Is Virtual User: 0
[2018.05.12-17.45.32:976][  0]LogD3D11RHI: D3D11 adapters:
[2018.05.12-17.45.33:017][  0]LogD3D11RHI:    0. 'NVIDIA Quadro M5500' (Feature Level 11_0)
[2018.05.12-17.45.33:017][  0]LogD3D11RHI:       8152/0/16363 MB DedicatedVideo/DedicatedSystem/SharedSystem, Outputs:2, VendorId:0x10de
[2018.05.12-17.45.33:019][  0]LogD3D11RHI:    1. 'Microsoft Basic Render Driver' (Feature Level 11_0)
[2018.05.12-17.45.33:019][  0]LogD3D11RHI:       0/0/16363 MB DedicatedVideo/DedicatedSystem/SharedSystem, Outputs:0, VendorId:0x1414
[2018.05.12-17.45.33:019][  0]LogD3D11RHI: Chosen D3D11 Adapter: 0
[2018.05.12-17.45.33:028][  0]LogD3D11RHI: Creating new Direct3DDevice
[2018.05.12-17.45.33:028][  0]LogD3D11RHI:     GPU DeviceId: 0x13fb (for the marketing name, search the web for "GPU Device Id")
[2018.05.12-17.45.33:028][  0]LogWindows: EnumDisplayDevices:
[2018.05.12-17.45.33:028][  0]LogWindows:    0. 'NVIDIA Quadro M5500' (P:1 D:1)
[2018.05.12-17.45.33:028][  0]LogWindows:    1. 'NVIDIA Quadro M5500' (P:0 D:1)
[2018.05.12-17.45.33:028][  0]LogWindows:    2. 'NVIDIA Quadro M5500' (P:0 D:0)
[2018.05.12-17.45.33:028][  0]LogWindows:    3. 'NVIDIA Quadro M5500' (P:0 D:0)
[2018.05.12-17.45.33:029][  0]LogWindows: DebugString: GetVideoDriverDetailsInvalid PrimaryIsNotTheChoosenAdapter GetVideoDriverDetailsInvalid PrimaryIsNotTheChoosenAdapter GetVideoDriverDetailsInvalid PrimaryIsNotTheChoosenAdapter GetVideoDriverDetailsInvalid PrimaryIsNotTheChoosenAdapter FoundDriverCount:0 
[2018.05.12-17.45.33:029][  0]LogD3D11RHI:     Adapter Name: NVIDIA Quadro M5500
[2018.05.12-17.45.33:029][  0]LogD3D11RHI:   Driver Version: Unknown (internal:Unknown, unified:Unknown)
[2018.05.12-17.45.33:029][  0]LogD3D11RHI:      Driver Date: Unknown
[2018.05.12-17.45.33:029][  0]LogRHI: Texture pool is 5706 MB (70% of 8152 MB)
[2018.05.12-17.45.33:058][  0]LogD3D11RHI: [Aftermath] Aftermath enabled but failed to initialize
[2018.05.12-17.45.33:058][  0]LogD3D11RHI: [Aftermath] Aftermath enabled and primed
[2018.05.12-17.45.33:058][  0]LogD3D11RHI: Async texture creation enabled
[2018.05.12-17.45.33:073][  0]LogD3D11RHI: GPU Timing Frequency: 1000.000000 (Debug: 2 1)
[2018.05.12-17.45.33:171][  0]LogShaderCompilers: Guid format shader working directory is -30 characters bigger than the processId version (../../../../../../User Files/Game Jam 5-11-18/Unreal Project/CrazyM8s/UE4Jam/Intermediate/Shaders/WorkingDirectory/2024/).
[2018.05.12-17.45.33:172][  0]LogShaderCompilers: Cleaned the shader compiler working directory 'C:/Users/ryanc/AppData/Local/Temp/UnrealShaderWorkingDir/B39C475F4EAB5DCFFA45B08BD33F2490/'.
[2018.05.12-17.45.33:415][  0]LogTemp: Display: Loaded TP AllDesktopTargetPlatform
[2018.05.12-17.45.33:428][  0]LogTemp: Display: Loaded TP MacClientTargetPlatform
[2018.05.12-17.45.33:440][  0]LogTemp: Display: Loaded TP MacNoEditorTargetPlatform
[2018.05.12-17.45.33:451][  0]LogTemp: Display: Loaded TP MacServerTargetPlatform
[2018.05.12-17.45.33:464][  0]LogTemp: Display: Loaded TP MacTargetPlatform
[2018.05.12-17.45.33:476][  0]LogTemp: Display: Loaded TP WindowsClientTargetPlatform
[2018.05.12-17.45.33:493][  0]LogTemp: Display: Loaded TP WindowsNoEditorTargetPlatform
[2018.05.12-17.45.33:506][  0]LogTemp: Display: Loaded TP WindowsServerTargetPlatform
[2018.05.12-17.45.33:512][  0]LogTemp: Display: Loaded TP WindowsTargetPlatform
[2018.05.12-17.45.33:523][  0]LogTemp: Display: Loaded TP Android_ASTCTargetPlatform
[2018.05.12-17.45.33:534][  0]LogTemp: Display: Loaded TP Android_ATCTargetPlatform
[2018.05.12-17.45.33:545][  0]LogTemp: Display: Loaded TP Android_DXTTargetPlatform
[2018.05.12-17.45.33:556][  0]LogTemp: Display: Loaded TP Android_ETC1aTargetPlatform
[2018.05.12-17.45.33:568][  0]LogTemp: Display: Loaded TP Android_ETC1TargetPlatform
[2018.05.12-17.45.33:579][  0]LogTemp: Display: Loaded TP Android_ETC2TargetPlatform
[2018.05.12-17.45.33:600][  0]LogTemp: Display: Loaded TP Android_MultiTargetPlatform
[2018.05.12-17.45.33:600][  0]LogTemp: Display: Loaded TP Android_PVRTCTargetPlatform
[2018.05.12-17.45.33:612][  0]LogTemp: Display: Loaded TP AndroidTargetPlatform
[2018.05.12-17.45.33:613][  0]LogTemp: Display: Loaded TP HTML5TargetPlatform
[2018.05.12-17.45.33:654][  0]LogTemp: Display: Loaded TP IOSTargetPlatform
[2018.05.12-17.45.33:665][  0]LogTemp: Display: Loaded TP TVOSTargetPlatform
[2018.05.12-17.45.33:678][  0]LogTemp: Display: Loaded TP LinuxClientTargetPlatform
[2018.05.12-17.45.33:695][  0]LogTemp: Display: Loaded TP LinuxNoEditorTargetPlatform
[2018.05.12-17.45.33:706][  0]LogTemp: Display: Loaded TP LinuxServerTargetPlatform
[2018.05.12-17.45.33:720][  0]LogTemp: Display: Loaded TP LinuxTargetPlatform
[2018.05.12-17.45.33:720][  0]LogTargetPlatformManager: Display: Building Assets For Windows
[2018.05.12-17.45.33:811][  0]LogXGEController: Cleaning working directory: C:/Users/ryanc/AppData/Local/Temp/UnrealXGEWorkingDir/
[2018.05.12-17.45.33:811][  0]LogXGEController: Cannot use XGE Controller as Incredibuild is not installed on this machine.
[2018.05.12-17.45.33:811][  0]LogShaderCompilers: Cannot use XGE Shader Compiler as Incredibuild is not installed on this machine.
[2018.05.12-17.45.33:811][  0]LogShaderCompilers: Display: Using Local Shader Compiler.
[2018.05.12-17.45.34:505][  0]LogDerivedDataCache: Display: Max Cache Size: 512 MB
[2018.05.12-17.45.34:579][  0]LogDerivedDataCache: Loaded boot cache 0.07s 74MB C:/Users/ryanc/AppData/Local/UnrealEngine/4.19/DerivedDataCache/Boot.ddc.
[2018.05.12-17.45.34:579][  0]LogDerivedDataCache: Display: Loaded Boot cache: C:/Users/ryanc/AppData/Local/UnrealEngine/4.19/DerivedDataCache/Boot.ddc
[2018.05.12-17.45.34:579][  0]LogDerivedDataCache: FDerivedDataBackendGraph:  Pak pak cache file ../../../../../../User Files/Game Jam 5-11-18/Unreal Project/CrazyM8s/UE4Jam/DerivedDataCache/DDC.ddp not found, will not use a pak cache.
[2018.05.12-17.45.34:579][  0]LogDerivedDataCache: Unable to find inner node Pak for hierarchical cache Hierarchy.
[2018.05.12-17.45.34:579][  0]LogDerivedDataCache: FDerivedDataBackendGraph:  CompressedPak pak cache file ../../../../../../User Files/Game Jam 5-11-18/Unreal Project/CrazyM8s/UE4Jam/DerivedDataCache/Compressed.ddp not found, will not use a pak cache.
[2018.05.12-17.45.34:579][  0]LogDerivedDataCache: Unable to find inner node CompressedPak for hierarchical cache Hierarchy.
[2018.05.12-17.45.34:594][  0]LogDerivedDataCache: Display: Pak cache opened for reading ../../../Engine/DerivedDataCache/Compressed.ddp.
[2018.05.12-17.45.34:607][  0]LogDerivedDataCache: Using Local data cache path C:/Users/ryanc/AppData/Local/UnrealEngine/Common/DerivedDataCache: Writable
[2018.05.12-17.45.34:607][  0]LogDerivedDataCache: Shared data cache path not found in *engine.ini, will not use an Shared cache.
[2018.05.12-17.45.34:607][  0]LogDerivedDataCache: Unable to find inner node Shared for hierarchical cache Hierarchy.
[2018.05.12-17.45.34:618][  0]LogMaterial: Verifying Global Shaders for PCD3D_SM5
[2018.05.12-17.45.34:619][  0]LogSlate: Using Freetype 2.6.0
[2018.05.12-17.45.34:619][  0]LogSlate: SlateFontCache - WITH_FREETYPE: 1, WITH_HARFBUZZ: 1
[2018.05.12-17.45.34:619][  0]LogSlate: SlateFontCache - WITH_FREETYPE: 1, WITH_HARFBUZZ: 1
[2018.05.12-17.45.34:731][  0]LogAssetRegistry: FAssetRegistry took 0.0256 seconds to start up
[2018.05.12-17.45.35:030][  0]LogInit: Selected Device Profile: [Windows]
[2018.05.12-17.45.35:186][  0]LogSimplygon: Simplygon DLL not present - disabling.
[2018.05.12-17.45.35:187][  0]LogMeshReduction: Using SimplygonSwarm for distributed automatic mesh merging
[2018.05.12-17.45.35:187][  0]LogMeshReduction: Using QuadricMeshReduction for automatic static mesh reduction
[2018.05.12-17.45.35:187][  0]LogMeshReduction: No automatic skeletal mesh reduction module available
[2018.05.12-17.45.35:187][  0]LogMeshReduction: No automatic mesh merging module available
[2018.05.12-17.45.35:188][  0]LogMeshMerging: No automatic mesh merging module available
[2018.05.12-17.45.35:216][  0]LogNetVersion: Crazy_M8s , NetCL: 3944462, EngineNetVer: 2, GameNetVer: 0 (Checksum: 383529911)
[2018.05.12-17.45.35:647][  0]LogPackageLocalizationCache: Processed 9 localized package path(s) for 2 prioritized culture(s) in 0.069440 seconds
[2018.05.12-17.45.35:652][  0]LogUObjectArray: 36728 objects as part of root set at end of initial load.
[2018.05.12-17.45.35:652][  0]LogUObjectAllocator: 7314304 out of 0 bytes used by permanent object pool.
[2018.05.12-17.45.35:652][  0]LogUObjectArray: CloseDisregardForGC: 0/0 objects in disregard for GC pool
[2018.05.12-17.45.37:174][  0]LogTcpMessaging: Initializing TcpMessaging bridge
[2018.05.12-17.45.37:198][  0]LogUdpMessaging: Initializing bridge on interface 0.0.0.0:0 to multicast group 230.0.0.1:6666.
[2018.05.12-17.45.37:477][  0]SourceControl: Source control is disabled
[2018.05.12-17.45.38:234][  0]LogAndroidPermission: UAndroidPermissionCallbackProxy::GetInstance
[2018.05.12-17.45.38:387][  0]LogOcInput: OculusInput pre-init called
[2018.05.12-17.45.38:480][  0]LogEngine: Initializing Engine...
[2018.05.12-17.45.38:481][  0]LogHMD: Failed to initialize OpenVR with code 110
[2018.05.12-17.45.38:482][  0]LogStats: UGameplayTagsManager::ConstructGameplayTagTree: Construct from data asset -  0.000 s
[2018.05.12-17.45.38:482][  0]LogStats: UGameplayTagsManager::ConstructGameplayTagTree: GameplayTagTreeChangedEvent.Broadcast -  0.000 s
[2018.05.12-17.45.38:698][  0]LogAIModule: Creating AISystem for world Untitled
[2018.05.12-17.45.38:725][  0]LogInit: XAudio2 using 'HeadPhone/Digital Output (Realtek High Definition Audio)' : 2 channels at 48 kHz using 16 bits per sample (channel mask 0x3)
[2018.05.12-17.45.38:804][  0]LogInit: FAudioDevice initialized.
[2018.05.12-17.45.38:857][  0]LogDerivedDataCache: Saved boot cache 0.05s 74MB C:/Users/ryanc/AppData/Local/UnrealEngine/4.19/DerivedDataCache/Boot.ddc.
[2018.05.12-17.45.38:871][  0]LogInit: Texture streaming: Enabled
[2018.05.12-17.45.38:885][  0]LogEngineSessionManager: EngineSessionManager initialized
[2018.05.12-17.45.38:885][  0]LogEngineSessionManager: EngineSessionManager sent abnormal shutdown report. Type=Crashed, SessionId={4AD0FB5C-4892-8CC0-1CFD-6E8528C65A7B}
[2018.05.12-17.45.38:897][  0]LogInit: Transaction tracking system initialized
[2018.05.12-17.45.38:914][  0]BlueprintLog: New page: Editor Load
[2018.05.12-17.45.38:972][  0]LocalizationService: Localization service is disabled
[2018.05.12-17.45.39:033][  0]LogLinker: Warning: Can't find file '/Game/EnemyAIConstructor/Tutorials/01_Introduction'
[2018.05.12-17.45.39:033][  0]LogLinker: Warning: Can't find file '/Game/EnemyAIConstructor/Tutorials/01_Introduction'
[2018.05.12-17.45.39:033][  0]LogUObjectGlobals: Warning: Failed to find object 'Class /Game/EnemyAIConstructor/Tutorials/01_Introduction.01_Introduction_C'
[2018.05.12-17.45.39:034][  0]LogLinker: Warning: Can't find file '/Game/EnemyAIConstructor/Tutorials/02_EnemyBlueprintOverview'
[2018.05.12-17.45.39:034][  0]LogLinker: Warning: Can't find file '/Game/EnemyAIConstructor/Tutorials/02_EnemyBlueprintOverview'
[2018.05.12-17.45.39:034][  0]LogUObjectGlobals: Warning: Failed to find object 'Class /Game/EnemyAIConstructor/Tutorials/02_EnemyBlueprintOverview.02_EnemyBlueprintOverview_C'
[2018.05.12-17.45.39:034][  0]LogLinker: Warning: Can't find file '/Game/EnemyAIConstructor/Tutorials/03_CreatingNewEnemyAI'
[2018.05.12-17.45.39:034][  0]LogLinker: Warning: Can't find file '/Game/EnemyAIConstructor/Tutorials/03_CreatingNewEnemyAI'
[2018.05.12-17.45.39:034][  0]LogUObjectGlobals: Warning: Failed to find object 'Class /Game/EnemyAIConstructor/Tutorials/03_CreatingNewEnemyAI.03_CreatingNewEnemyAI_C'
[2018.05.12-17.45.39:034][  0]LogLinker: Warning: Can't find file '/Game/EnemyAIConstructor/Tutorials/04_ConfigureNewEnemyAIStep1'
[2018.05.12-17.45.39:034][  0]LogLinker: Warning: Can't find file '/Game/EnemyAIConstructor/Tutorials/04_ConfigureNewEnemyAIStep1'
[2018.05.12-17.45.39:034][  0]LogUObjectGlobals: Warning: Failed to find object 'Class /Game/EnemyAIConstructor/Tutorials/04_ConfigureNewEnemyAIStep1.04_ConfigureNewEnemyAIStep1_C'
[2018.05.12-17.45.39:034][  0]LogLinker: Warning: Can't find file '/Game/EnemyAIConstructor/Tutorials/05_ConfigureNewEnemyAIStep2'
[2018.05.12-17.45.39:034][  0]LogLinker: Warning: Can't find file '/Game/EnemyAIConstructor/Tutorials/05_ConfigureNewEnemyAIStep2'
[2018.05.12-17.45.39:034][  0]LogUObjectGlobals: Warning: Failed to find object 'Class /Game/EnemyAIConstructor/Tutorials/05_ConfigureNewEnemyAIStep2.05_ConfigureNewEnemyAIStep2_C'
[2018.05.12-17.45.39:051][  0]LogConsoleResponse: Display: 
[2018.05.12-17.45.39:197][  0]LogCook: Display: Max memory allowance for cook 16384mb min free memory 0mb
[2018.05.12-17.45.39:197][  0]LogCook: Display: Mobile HDR setting 1
[2018.05.12-17.45.39:198][  0]LogGameplayTags: Display: UGameplayTagsManager::DoneAddingNativeTags. DelegateIsBound: 0
[2018.05.12-17.45.39:198][  0]LogStats: UGameplayTagsManager::ConstructGameplayTagTree: Construct from data asset -  0.000 s
[2018.05.12-17.45.39:198][  0]LogStats: UGameplayTagsManager::ConstructGameplayTagTree: GameplayTagTreeChangedEvent.Broadcast -  0.000 s
[2018.05.12-17.45.39:474][  0]LogFileCache: Scanning file cache for directory 'D:/User Files/Game Jam 5-11-18/Unreal Project/CrazyM8s/UE4Jam/Content/' took 0.01s
[2018.05.12-17.45.39:474][  0]Cmd: MAP LOAD FILE="../../../../../../User Files/Game Jam 5-11-18/Unreal Project/CrazyM8s/UE4Jam/Content/ThirdPersonBP/Maps/ThirdPersonExampleMap.umap" TEMPLATE=0 SHOWPROGRESS=1 FEATURELEVEL=3
[2018.05.12-17.45.39:475][  0]LightingResults: New page: Lighting Build
[2018.05.12-17.45.39:477][  0]MapCheck: New page: Map Check
[2018.05.12-17.45.39:477][  0]LightingResults: New page: Lighting Build
[2018.05.12-17.45.39:528][  0]LogUObjectGlobals: Created PersistentFrame Addr=0x000001f71670dd40, Size=64, Default__ThirdPerson_AnimBP_C Function /Game/Mannequin/Animations/ThirdPerson_AnimBP.ThirdPerson_AnimBP_C:ExecuteUbergraph_ThirdPerson_AnimBP
[2018.05.12-17.45.39:538][  0]LogUObjectGlobals: Destroyed PersistentFrame Addr=0x000001f71670dd40, Size=64
[2018.05.12-17.45.39:538][  0]LogUObjectGlobals: Created PersistentFrame Addr=0x000001f71670de80, Size=64, Default__ThirdPerson_AnimBP_C Function /Engine/Transient.REINST_ThirdPerson_AnimBP_C_0:ExecuteUbergraph_ThirdPerson_AnimBP
[2018.05.12-17.45.39:546][  0]LogUObjectGlobals: Created PersistentFrame Addr=0x000001f71661d0d0, Size=72, Default__ThirdPerson_AnimBP_C Function /Game/Mannequin/Animations/ThirdPerson_AnimBP.ThirdPerson_AnimBP_C:ExecuteUbergraph_ThirdPerson_AnimBP
[2018.05.12-17.45.39:582][  0]LogUObjectGlobals: Created PersistentFrame Addr=0x000001f7165d47c0, Size=296, Default__ThirdPersonCharacter_C Function /Game/ThirdPersonBP/Blueprints/ThirdPersonCharacter.ThirdPersonCharacter_C:ExecuteUbergraph_ThirdPersonCharacter
[2018.05.12-17.45.39:587][  0]LogUObjectGlobals: Destroyed PersistentFrame Addr=0x000001f7165d47c0, Size=296
[2018.05.12-17.45.39:587][  0]LogUObjectGlobals: Created PersistentFrame Addr=0x000001f7163fb9c0, Size=296, Default__ThirdPersonCharacter_C Function /Engine/Transient.REINST_ThirdPersonCharacter_C_4:ExecuteUbergraph_ThirdPersonCharacter
[2018.05.12-17.45.39:592][  0]LogUObjectGlobals: Created PersistentFrame Addr=0x000001f7163fad40, Size=296, Default__ThirdPersonCharacter_C Function /Game/ThirdPersonBP/Blueprints/ThirdPersonCharacter.ThirdPersonCharacter_C:ExecuteUbergraph_ThirdPersonCharacter
[2018.05.12-17.45.39:831][  0]LogSkeletalMesh: Skeletal Mesh found in DDC [12.392368ms] /Game/Mannequin/Character/Mesh/SK_Mannequin.SK_Mannequin
[2018.05.12-17.45.39:879][  0]LogAIModule: Creating AISystem for world ThirdPersonExampleMap
[2018.05.12-17.45.39:888][  0]LogEditorServer: Finished looking for orphan Actors (0.000 secs)
[2018.05.12-17.45.39:901][  0]LogUObjectGlobals: Destroyed PersistentFrame Addr=0x000001f71670de80, Size=64
[2018.05.12-17.45.39:902][  0]LogUObjectGlobals: Destroyed PersistentFrame Addr=0x000001f7163fb9c0, Size=296
[2018.05.12-17.45.39:903][  0]Cmd: MAP CHECKDEP NOCLEARLOG
[2018.05.12-17.45.39:951][  0]MapCheck: Map check complete: 0 Error(s), 0 Warning(s), took 47.016ms to complete.
[2018.05.12-17.45.39:951][  0]LogFileHelpers: Loading map 'ThirdPersonExampleMap' took 0.476
[2018.05.12-17.45.40:098][  0]LogCollectionManager: Loaded 0 collections in 0.001059 seconds
[2018.05.12-17.45.40:143][  0]LogFileCache: Scanning file cache for directory 'D:/User Files/Game Jam 5-11-18/Unreal Project/CrazyM8s/UE4Jam/Saved/Collections/' took 0.01s
[2018.05.12-17.45.40:143][  0]LogFileCache: Scanning file cache for directory 'D:/User Files/Game Jam 5-11-18/Unreal Project/CrazyM8s/UE4Jam/Content/Developers/Ryan/Collections/' took 0.01s
[2018.05.12-17.45.40:143][  0]LogFileCache: Scanning file cache for directory 'D:/User Files/Game Jam 5-11-18/Unreal Project/CrazyM8s/UE4Jam/Content/Collections/' took 0.01s
[2018.05.12-17.45.40:143][  0]LogCollectionManager: Rebuilt the GUID cache for 0 collections in 0.000000 seconds
[2018.05.12-17.45.40:155][  0]LogContentBrowser: Native class hierarchy populated in 0.0124 seconds. Added 2452 classes and 558 folders.
[2018.05.12-17.45.40:163][  0]LogContentBrowser: Native class hierarchy updated for 'WidgetCarousel' in 0.0003 seconds. Added 0 classes and 0 folders.
[2018.05.12-17.45.40:213][  0]LogContentBrowser: Native class hierarchy updated for 'AddContentDialog' in 0.0002 seconds. Added 0 classes and 0 folders.
[2018.05.12-17.45.40:216][  0]LogContentBrowser: Native class hierarchy updated for 'SceneOutliner' in 0.0002 seconds. Added 1 classes and 2 folders.
[2018.05.12-17.45.40:297][  0]LogSlate: Took 0.000236 seconds to synchronously load lazily loaded font '../../../Engine/Content/Slate/Fonts/Roboto-Regular.ttf' (155K)
[2018.05.12-17.45.40:300][  0]LogSlate: Took 0.000182 seconds to synchronously load lazily loaded font '../../../Engine/Content/Slate/Fonts/Roboto-Bold.ttf' (160K)
[2018.05.12-17.45.40:306][  0]LogSlate: Took 0.000200 seconds to synchronously load lazily loaded font '../../../Engine/Content/Editor/Slate/Fonts/FontAwesome.ttf' (139K)
[2018.05.12-17.45.40:402][  0]LogRenderer: Reallocating scene render targets to support 948x328 Format 10 NumSamples 1 (Frame:1).
[2018.05.12-17.45.40:528][  0]LogContentBrowser: Native class hierarchy updated for 'HierarchicalLODOutliner' in 0.0002 seconds. Added 0 classes and 0 folders.
[2018.05.12-17.45.40:528][  0]LogLoad: (Engine Initialization) Total time: 10.77 seconds
[2018.05.12-17.45.40:528][  0]LogLoad: (Engine Initialization) Total Blueprint compile time: 0.00 seconds
[2018.05.12-17.45.40:546][  0]LogWindowsTextInputMethodSystem: Display: IME system now deactivated.
[2018.05.12-17.45.40:568][  0]LogContentStreaming: Texture pool size now 3000 MB
[2018.05.12-17.45.40:612][  1]LogAssetRegistry: Asset discovery search completed in 5.9027 seconds
[2018.05.12-17.45.40:613][  1]LogCollectionManager: Rebuilt the object cache for 0 collections in 0.000000 seconds (found 0 objects)
[2018.05.12-17.45.40:613][  1]LogCollectionManager: Fixed up redirectors for 0 collections in 0.000039 seconds (updated 0 objects)
[2018.05.12-17.45.41:561][ 57]LogSlate: Took 0.000200 seconds to synchronously load lazily loaded font '../../../Engine/Content/Slate/Fonts/Roboto-Light.ttf' (167K)
[2018.05.12-17.45.59:326][123]LogSlate: FSceneViewport::OnFocusLost() reason 0
[2018.05.12-17.46.17:593][344]LogUObjectGlobals: Created PersistentFrame Addr=0x000001f747c96200, Size=296, Default__BP_Timmy_C Function /Game/Crazy_M8s/Blueprints/BP_Timmy.BP_Timmy_C:ExecuteUbergraph_BP_Timmy
[2018.05.12-17.46.17:599][344]LogUObjectGlobals: Destroyed PersistentFrame Addr=0x000001f747c96200, Size=296
[2018.05.12-17.46.17:599][344]LogUObjectGlobals: Created PersistentFrame Addr=0x000001f747c96200, Size=296, Default__BP_Timmy_C Function /Engine/Transient.REINST_BP_Timmy_C_8:ExecuteUbergraph_BP_Timmy
[2018.05.12-17.46.17:604][344]LogUObjectGlobals: Created PersistentFrame Addr=0x000001f747c979c0, Size=296, Default__BP_Timmy_C Function /Game/Crazy_M8s/Blueprints/BP_Timmy.BP_Timmy_C:ExecuteUbergraph_BP_Timmy
[2018.05.12-17.46.19:442][451]LogSlate: Window 'ThirdPersonCharacter_2 - Generic Asset Editor' being destroyed
[2018.05.12-17.49.16:690][ 50]LogRenderer: Reallocating scene render targets to support 948x348 Format 10 NumSamples 1 (Frame:11966).
[2018.05.12-17.49.18:879][ 55]LogInit: XAudio2 using 'HeadPhone/Digital Output (Realtek High Definition Audio)' : 2 channels at 48 kHz using 16 bits per sample (channel mask 0x3)
