Log file open, 05/11/18 17:06:29
LogWindows: Failed to load 'aqProf.dll' (GetLastError=126)
LogWindows: File 'aqProf.dll' does not exist
LogWindows: Failed to load 'VtuneApi.dll' (GetLastError=126)
LogWindows: File 'VtuneApi.dll' does not exist
LogWindows: Failed to load 'VtuneApi32e.dll' (GetLastError=126)
LogWindows: File 'VtuneApi32e.dll' does not exist
LogInit: Display: Running engine for game: Crazy_M8s
LogPlatformFile: Not using cached read wrapper
LogInit: Display: RandInit(-1125011388) SRandInit(-1125011388).
LogInit: Read version file with build ID '3944462'
LogInit: Overriding engine version to CL 4033788, compatible CL 3944462
LogInit: Registered custom module enumerator with build ID '3944462'
LogTaskGraph: Started task graph with 5 named threads and 35 total threads with 3 sets of task threads.
LogStats: Stats thread started at 0.393441
LogD3D11RHI: Aftermath initialized
LogICUInternationalization: Display: ICU TimeZone Detection - Raw Offset: -6:00, Platform Override: ''
LogModuleManager: Display: Found up-to-date module file ../../../Engine/Plugins/2D/Paper2D/Binaries/Win64/UE4Editor-Paper2D.dll (API version 3944462).
LogModuleManager: Display: Found up-to-date module file ../../../Engine/Plugins/2D/Paper2D/Binaries/Win64/UE4Editor-Paper2DEditor.dll (API version 3944462).
LogModuleManager: Display: Found up-to-date module file ../../../Engine/Plugins/2D/Paper2D/Binaries/Win64/UE4Editor-PaperSpriteSheetImporter.dll (API version 3944462).
LogModuleManager: Display: Found up-to-date module file ../../../Engine/Plugins/2D/Paper2D/Binaries/Win64/UE4Editor-PaperTiledImporter.dll (API version 3944462).
LogModuleManager: Display: Found up-to-date module file ../../../Engine/Plugins/2D/Paper2D/Binaries/Win64/UE4Editor-SmartSnapping.dll (API version 3944462).
LogModuleManager: Display: Found up-to-date module file ../../../Engine/Plugins/Blendables/LightPropagationVolume/Binaries/Win64/UE4Editor-LightPropagationVolumeRuntime.dll (API version 3944462).
LogModuleManager: Display: Found up-to-date module file ../../../Engine/Plugins/Blendables/LightPropagationVolume/Binaries/Win64/UE4Editor-LightPropagationVolumeEditor.dll (API version 3944462).
LogModuleManager: Display: Found up-to-date module file ../../../Engine/Plugins/Developer/CLionSourceCodeAccess/Binaries/Win64/UE4Editor-CLionSourceCodeAccess.dll (API version 3944462).
LogModuleManager: Display: Found up-to-date module file ../../../Engine/Plugins/Developer/GitSourceControl/Binaries/Win64/UE4Editor-GitSourceControl.dll (API version 3944462).
LogModuleManager: Display: Found up-to-date module file ../../../Engine/Plugins/Developer/PerforceSourceControl/Binaries/Win64/UE4Editor-PerforceSourceControl.dll (API version 3944462).
LogModuleManager: Display: Found up-to-date module file ../../../Engine/Plugins/Developer/SubversionSourceControl/Binaries/Win64/UE4Editor-SubversionSourceControl.dll (API version 3944462).
LogModuleManager: Display: Found up-to-date module file ../../../Engine/Plugins/Developer/UObjectPlugin/Binaries/Win64/UE4Editor-UObjectPlugin.dll (API version 3944462).
LogModuleManager: Display: Found up-to-date module file ../../../Engine/Plugins/Developer/VisualStudioCodeSourceCodeAccess/Binaries/Win64/UE4Editor-VisualStudioCodeSourceCodeAccess.dll (API version 3944462).
LogModuleManager: Display: Found up-to-date module file ../../../Engine/Plugins/Developer/VisualStudioSourceCodeAccess/Binaries/Win64/UE4Editor-VisualStudioSourceCodeAccess.dll (API version 3944462).
LogModuleManager: Display: Found up-to-date module file ../../../Engine/Plugins/Editor/AssetManagerEditor/Binaries/Win64/UE4Editor-AssetManagerEditor.dll (API version 3944462).
LogModuleManager: Display: Found up-to-date module file ../../../Engine/Plugins/Editor/CryptoKeys/Binaries/Win64/UE4Editor-CryptoKeys.dll (API version 3944462).
LogModuleManager: Display: Found up-to-date module file ../../../Engine/Plugins/Editor/CryptoKeys/Binaries/Win64/UE4Editor-CryptoKeysOpenSSL.dll (API version 3944462).
LogModuleManager: Display: Found up-to-date module file ../../../Engine/Plugins/Editor/DataValidation/Binaries/Win64/UE4Editor-DataValidation.dll (API version 3944462).
LogModuleManager: Display: Found up-to-date module file ../../../Engine/Plugins/Editor/FacialAnimation/Binaries/Win64/UE4Editor-FacialAnimation.dll (API version 3944462).
LogModuleManager: Display: Found up-to-date module file ../../../Engine/Plugins/Editor/FacialAnimation/Binaries/Win64/UE4Editor-FacialAnimationEditor.dll (API version 3944462).
LogModuleManager: Display: Found up-to-date module file ../../../Engine/Plugins/Editor/GameplayTagsEditor/Binaries/Win64/UE4Editor-GameplayTagsEditor.dll (API version 3944462).
LogModuleManager: Display: Found up-to-date module file ../../../Engine/Plugins/Editor/MobileLauncherProfileWizard/Binaries/Win64/UE4Editor-MobileLauncherProfileWizard.dll (API version 3944462).
LogModuleManager: Display: Found up-to-date module file ../../../Engine/Plugins/Editor/PluginBrowser/Binaries/Win64/UE4Editor-PluginBrowser.dll (API version 3944462).
LogModuleManager: Display: Found up-to-date module file ../../../Engine/Plugins/Editor/SpeedTreeImporter/Binaries/Win64/UE4Editor-SpeedTreeImporter.dll (API version 3944462).
LogModuleManager: Display: Found up-to-date module file ../../../Engine/Plugins/Enterprise/DatasmithContent/Binaries/Win64/UE4Editor-DatasmithContent.dll (API version 3944462).
LogModuleManager: Display: Found up-to-date module file ../../../Engine/Plugins/Experimental/AlembicImporter/Binaries/Win64/UE4Editor-AlembicImporter.dll (API version 3944462).
LogModuleManager: Display: Found up-to-date module file ../../../Engine/Plugins/Experimental/AlembicImporter/Binaries/Win64/UE4Editor-AlembicLibrary.dll (API version 3944462).
LogModuleManager: Display: Found up-to-date module file ../../../Engine/Plugins/Experimental/CharacterAI/Binaries/Win64/UE4Editor-CharacterAI.dll (API version 3944462).
LogModuleManager: Display: Found up-to-date module file ../../../Engine/Plugins/Experimental/HTML5Networking/Binaries/Win64/UE4Editor-HTML5Networking.dll (API version 3944462).
LogModuleManager: Display: Found up-to-date module file ../../../Engine/Plugins/Media/AndroidMedia/Binaries/Win64/UE4Editor-AndroidMediaEditor.dll (API version 3944462).
LogModuleManager: Display: Found up-to-date module file ../../../Engine/Plugins/Media/AndroidMedia/Binaries/Win64/UE4Editor-AndroidMediaFactory.dll (API version 3944462).
LogModuleManager: Display: Found up-to-date module file ../../../Engine/Plugins/Media/AvfMedia/Binaries/Win64/UE4Editor-AvfMediaEditor.dll (API version 3944462).
LogModuleManager: Display: Found up-to-date module file ../../../Engine/Plugins/Media/AvfMedia/Binaries/Win64/UE4Editor-AvfMediaFactory.dll (API version 3944462).
LogModuleManager: Display: Found up-to-date module file ../../../Engine/Plugins/Media/AvfMedia/Binaries/Win64/UE4Editor-AvfMediaFactory.dll (API version 3944462).
LogModuleManager: Display: Found up-to-date module file ../../../Engine/Plugins/Media/ImgMedia/Binaries/Win64/UE4Editor-ImgMedia.dll (API version 3944462).
LogModuleManager: Display: Found up-to-date module file ../../../Engine/Plugins/Media/ImgMedia/Binaries/Win64/UE4Editor-ImgMediaEditor.dll (API version 3944462).
LogModuleManager: Display: Found up-to-date module file ../../../Engine/Plugins/Media/ImgMedia/Binaries/Win64/UE4Editor-ImgMediaFactory.dll (API version 3944462).
LogModuleManager: Display: Found up-to-date module file ../../../Engine/Plugins/Media/ImgMedia/Binaries/Win64/UE4Editor-ImgMediaFactory.dll (API version 3944462).
LogModuleManager: Display: Found up-to-date module file ../../../Engine/Plugins/Media/ImgMedia/Binaries/Win64/UE4Editor-OpenExrWrapper.dll (API version 3944462).
LogModuleManager: Display: Found up-to-date module file ../../../Engine/Plugins/Media/LinearTimecode/Binaries/Win64/UE4Editor-LinearTimecode.dll (API version 3944462).
LogModuleManager: Display: Found up-to-date module file ../../../Engine/Plugins/Media/MediaCompositing/Binaries/Win64/UE4Editor-MediaCompositing.dll (API version 3944462).
LogModuleManager: Display: Found up-to-date module file ../../../Engine/Plugins/Media/MediaCompositing/Binaries/Win64/UE4Editor-MediaCompositingEditor.dll (API version 3944462).
LogModuleManager: Display: Found up-to-date module file ../../../Engine/Plugins/Media/MediaPlayerEditor/Binaries/Win64/UE4Editor-MediaPlayerEditor.dll (API version 3944462).
LogModuleManager: Display: Found up-to-date module file ../../../Engine/Plugins/Media/WmfMedia/Binaries/Win64/UE4Editor-WmfMedia.dll (API version 3944462).
LogModuleManager: Display: Found up-to-date module file ../../../Engine/Plugins/Media/WmfMedia/Binaries/Win64/UE4Editor-WmfMediaEditor.dll (API version 3944462).
LogModuleManager: Display: Found up-to-date module file ../../../Engine/Plugins/Media/WmfMedia/Binaries/Win64/UE4Editor-WmfMediaFactory.dll (API version 3944462).
LogModuleManager: Display: Found up-to-date module file ../../../Engine/Plugins/Media/WmfMedia/Binaries/Win64/UE4Editor-WmfMediaFactory.dll (API version 3944462).
LogModuleManager: Display: Found up-to-date module file ../../../Engine/Plugins/Messaging/TcpMessaging/Binaries/Win64/UE4Editor-TcpMessaging.dll (API version 3944462).
LogModuleManager: Display: Found up-to-date module file ../../../Engine/Plugins/Messaging/UdpMessaging/Binaries/Win64/UE4Editor-UdpMessaging.dll (API version 3944462).
LogModuleManager: Display: Found up-to-date module file ../../../Engine/Plugins/MovieScene/ActorSequence/Binaries/Win64/UE4Editor-ActorSequence.dll (API version 3944462).
LogModuleManager: Display: Found up-to-date module file ../../../Engine/Plugins/MovieScene/LevelSequenceEditor/Binaries/Win64/UE4Editor-LevelSequenceEditor.dll (API version 3944462).
LogModuleManager: Display: Found up-to-date module file ../../../Engine/Plugins/MovieScene/MatineeToLevelSequence/Binaries/Win64/UE4Editor-MatineeToLevelSequence.dll (API version 3944462).
LogModuleManager: Display: Found up-to-date module file ../../../Engine/Plugins/NetcodeUnitTest/NetcodeUnitTest/Binaries/Win64/UE4Editor-NetcodeUnitTest.dll (API version 3944462).
LogModuleManager: Display: Found up-to-date module file ../../../Engine/Plugins/NetcodeUnitTest/NUTUnrealEngine4/Binaries/Win64/UE4Editor-NUTUnrealEngine4.dll (API version 3944462).
LogModuleManager: Display: Found up-to-date module file ../../../Engine/Plugins/Online/OnlineSubsystem/Binaries/Win64/UE4Editor-OnlineSubsystem.dll (API version 3944462).
LogModuleManager: Display: Found up-to-date module file ../../../Engine/Plugins/Runtime/AndroidPermission/Binaries/Win64/UE4Editor-AndroidPermission.dll (API version 3944462).
LogModuleManager: Display: Found up-to-date module file ../../../Engine/Plugins/Online/OnlineSubsystemNull/Binaries/Win64/UE4Editor-OnlineSubsystemNull.dll (API version 3944462).
LogModuleManager: Display: Found up-to-date module file ../../../Engine/Plugins/Online/OnlineSubsystemUtils/Binaries/Win64/UE4Editor-OnlineSubsystemUtils.dll (API version 3944462).
LogModuleManager: Display: Found up-to-date module file ../../../Engine/Plugins/Online/OnlineSubsystemUtils/Binaries/Win64/UE4Editor-OnlineBlueprintSupport.dll (API version 3944462).
LogModuleManager: Display: Found up-to-date module file ../../../Engine/Plugins/Runtime/AndroidDeviceProfileSelector/Binaries/Win64/UE4Editor-AndroidDeviceProfileSelector.dll (API version 3944462).
LogModuleManager: Display: Found up-to-date module file ../../../Engine/Plugins/Runtime/AppleARKit/Binaries/Win64/UE4Editor-AppleARKit.dll (API version 3944462).
LogModuleManager: Display: Found up-to-date module file ../../../Engine/Plugins/Runtime/ProceduralMeshComponent/Binaries/Win64/UE4Editor-ProceduralMeshComponent.dll (API version 3944462).
LogModuleManager: Display: Found up-to-date module file ../../../Engine/Plugins/Runtime/ProceduralMeshComponent/Binaries/Win64/UE4Editor-ProceduralMeshComponentEditor.dll (API version 3944462).
LogModuleManager: Display: Found up-to-date module file ../../../Engine/Plugins/Animation/LiveLink/Binaries/Win64/UE4Editor-LiveLink.dll (API version 3944462).
LogModuleManager: Display: Found up-to-date module file ../../../Engine/Plugins/Animation/LiveLink/Binaries/Win64/UE4Editor-LiveLinkEditor.dll (API version 3944462).
LogModuleManager: Display: Found up-to-date module file ../../../Engine/Plugins/Runtime/ArchVisCharacter/Binaries/Win64/UE4Editor-ArchVisCharacter.dll (API version 3944462).
LogModuleManager: Display: Found up-to-date module file ../../../Engine/Plugins/Runtime/AudioCapture/Binaries/Win64/UE4Editor-AudioCapture.dll (API version 3944462).
LogModuleManager: Display: Found up-to-date module file ../../../Engine/Plugins/Runtime/AudioCapture/Binaries/Win64/UE4Editor-AudioCaptureEditor.dll (API version 3944462).
LogModuleManager: Display: Found up-to-date module file ../../../Engine/Plugins/Runtime/CableComponent/Binaries/Win64/UE4Editor-CableComponent.dll (API version 3944462).
LogModuleManager: Display: Found up-to-date module file ../../../Engine/Plugins/Runtime/CustomMeshComponent/Binaries/Win64/UE4Editor-CustomMeshComponent.dll (API version 3944462).
LogModuleManager: Display: Found up-to-date module file ../../../Engine/Plugins/Runtime/ExampleDeviceProfileSelector/Binaries/Win64/UE4Editor-ExampleDeviceProfileSelector.dll (API version 3944462).
LogModuleManager: Display: Found up-to-date module file ../../../Engine/Plugins/Runtime/ImmediatePhysics/Binaries/Win64/UE4Editor-ImmediatePhysics.dll (API version 3944462).
LogModuleManager: Display: Found up-to-date module file ../../../Engine/Plugins/Runtime/ImmediatePhysics/Binaries/Win64/UE4Editor-ImmediatePhysicsEditor.dll (API version 3944462).
LogModuleManager: Display: Found up-to-date module file ../../../Engine/Plugins/Runtime/LocationServicesBPLibrary/Binaries/Win64/UE4Editor-LocationServicesBPLibrary.dll (API version 3944462).
LogModuleManager: Display: Found up-to-date module file ../../../Engine/Plugins/Runtime/MobilePatchingUtils/Binaries/Win64/UE4Editor-MobilePatchingUtils.dll (API version 3944462).
LogModuleManager: Display: Found up-to-date module file ../../../Engine/Plugins/Runtime/Oculus/OculusVR/Binaries/Win64/UE4Editor-OculusHMD.dll (API version 3944462).
LogModuleManager: Display: Found up-to-date module file ../../../Engine/Plugins/Runtime/Oculus/OculusVR/Binaries/Win64/UE4Editor-OculusInput.dll (API version 3944462).
LogModuleManager: Display: Found up-to-date module file ../../../Engine/Plugins/Runtime/Oculus/OculusVR/Binaries/Win64/UE4Editor-OculusEditor.dll (API version 3944462).
LogModuleManager: Display: Found up-to-date module file ../../../Engine/Plugins/Runtime/PhysXVehicles/Binaries/Win64/UE4Editor-PhysXVehicles.dll (API version 3944462).
LogModuleManager: Display: Found up-to-date module file ../../../Engine/Plugins/Runtime/PhysXVehicles/Binaries/Win64/UE4Editor-PhysXVehiclesEditor.dll (API version 3944462).
LogModuleManager: Display: Found up-to-date module file ../../../Engine/Plugins/Runtime/RuntimePhysXCooking/Binaries/Win64/UE4Editor-RuntimePhysXCooking.dll (API version 3944462).
LogModuleManager: Display: Found up-to-date module file ../../../Engine/Plugins/Runtime/Steam/SteamVR/Binaries/Win64/UE4Editor-SteamVR.dll (API version 3944462).
LogModuleManager: Display: Found up-to-date module file ../../../Engine/Plugins/Runtime/Steam/SteamVR/Binaries/Win64/UE4Editor-SteamVRController.dll (API version 3944462).
LogModuleManager: Display: Found up-to-date module file ../../../Engine/Plugins/Runtime/WindowsMoviePlayer/Binaries/Win64/UE4Editor-WindowsMoviePlayer.dll (API version 3944462).
LogPluginManager: Mounting plugin Paper2D
LogPluginManager: Mounting plugin LiveLink
LogPluginManager: Mounting plugin LightPropagationVolume
LogPluginManager: Mounting plugin CLionSourceCodeAccess
LogPluginManager: Mounting plugin CodeLiteSourceCodeAccess
LogPluginManager: Mounting plugin GitSourceControl
LogPluginManager: Mounting plugin KDevelopSourceCodeAccess
LogPluginManager: Mounting plugin NullSourceCodeAccess
LogPluginManager: Mounting plugin PerforceSourceControl
LogPluginManager: Mounting plugin SubversionSourceControl
LogPluginManager: Mounting plugin UObjectPlugin
LogPluginManager: Mounting plugin VisualStudioCodeSourceCodeAccess
LogPluginManager: Mounting plugin VisualStudioSourceCodeAccess
LogPluginManager: Mounting plugin XCodeSourceCodeAccess
LogPluginManager: Mounting plugin AssetManagerEditor
LogPluginManager: Mounting plugin CryptoKeys
LogPluginManager: Mounting plugin DataValidation
LogPluginManager: Mounting plugin FacialAnimation
LogPluginManager: Mounting plugin GameplayTagsEditor
LogPluginManager: Mounting plugin MobileLauncherProfileWizard
LogPluginManager: Mounting plugin PluginBrowser
LogPluginManager: Mounting plugin SpeedTreeImporter
LogPluginManager: Mounting plugin DatasmithContent
LogPluginManager: Mounting plugin AlembicImporter
LogPluginManager: Mounting plugin CharacterAI
LogPluginManager: Mounting plugin HTML5Networking
LogPluginManager: Mounting plugin AndroidMedia
LogPluginManager: Mounting plugin AvfMedia
LogPluginManager: Mounting plugin ImgMedia
LogPluginManager: Mounting plugin LinearTimecode
LogPluginManager: Mounting plugin MediaCompositing
LogPluginManager: Mounting plugin MediaPlayerEditor
LogPluginManager: Mounting plugin WmfMedia
LogPluginManager: Mounting plugin TcpMessaging
LogPluginManager: Mounting plugin UdpMessaging
LogPluginManager: Mounting plugin ActorSequence
LogPluginManager: Mounting plugin LevelSequenceEditor
LogPluginManager: Mounting plugin MatineeToLevelSequence
LogPluginManager: Mounting plugin NetcodeUnitTest
LogPluginManager: Mounting plugin NUTUnrealEngine4
LogPluginManager: Mounting plugin OnlineSubsystemGooglePlay
LogPluginManager: Mounting plugin OnlineSubsystemIOS
LogPluginManager: Mounting plugin OnlineSubsystem
LogPluginManager: Mounting plugin OnlineSubsystemNull
LogPluginManager: Mounting plugin OnlineSubsystemUtils
LogPluginManager: Mounting plugin AndroidDeviceProfileSelector
LogPluginManager: Mounting plugin AndroidMoviePlayer
LogPluginManager: Mounting plugin AndroidPermission
LogPluginManager: Mounting plugin AppleARKit
LogPluginManager: Mounting plugin AppleMoviePlayer
LogPluginManager: Mounting plugin ArchVisCharacter
LogPluginManager: Mounting plugin AudioCapture
LogPluginManager: Mounting plugin CableComponent
LogPluginManager: Mounting plugin CustomMeshComponent
LogPluginManager: Mounting plugin ExampleDeviceProfileSelector
LogPluginManager: Mounting plugin GoogleCloudMessaging
LogPluginManager: Mounting plugin ImmediatePhysics
LogPluginManager: Mounting plugin IOSDeviceProfileSelector
LogPluginManager: Mounting plugin LinuxDeviceProfileSelector
LogPluginManager: Mounting plugin LocationServicesBPLibrary
LogPluginManager: Mounting plugin MobilePatchingUtils
LogPluginManager: Mounting plugin OculusVR
LogPluginManager: Plugin shader directory ../../../Engine/Plugins/Runtime/Oculus/OculusVR/Shaders found
LogPluginManager: Mapping shader source directory ../../../Engine/Plugins/Runtime/Oculus/OculusVR/Shaders to virtual directory /Plugin/OculusVR
LogPluginManager: Mounting plugin PhysXVehicles
LogPluginManager: Mounting plugin ProceduralMeshComponent
LogPluginManager: Mounting plugin RuntimePhysXCooking
LogPluginManager: Mounting plugin SteamVR
LogPluginManager: Mounting plugin WindowsMoviePlayer
LogStreaming: Display: Took  0.991s to configure plugins.
LogInit: Using libcurl 7.47.1
LogInit:  - built for x86_64-pc-win32
LogInit:  - supports SSL with OpenSSL/1.0.2g
LogInit:  - supports HTTP deflate (compression) using libz 1.2.8
LogInit:  - other features:
LogInit:      CURL_VERSION_SSL
LogInit:      CURL_VERSION_LIBZ
LogInit:      CURL_VERSION_IPV6
LogInit:      CURL_VERSION_ASYNCHDNS
LogInit:      CURL_VERSION_LARGEFILE
LogInit:      CURL_VERSION_IDN
LogInit:  CurlRequestOptions (configurable via config and command line):
LogInit:  - bVerifyPeer = false  - Libcurl will NOT verify peer certificate
LogInit:  - bUseHttpProxy = false  - Libcurl will NOT use HTTP proxy
LogInit:  - bDontReuseConnections = false  - Libcurl will reuse connections
LogInit:  - CertBundlePath = nullptr  - Libcurl will use whatever was configured at build time.
LogInit:  - MaxHostConnections = 16  - Libcurl will limit the number of connections to a host
LogInit:  - LocalHostAddr = Default
LogInit: WinSock: version 1.1 (2.2), MaxSocks=32767, MaxUdp=65467
LogInit: WinSock: I am DESKTOP-4O6MQG9 (192.168.1.110:0)
LogInit: Build: ++UE4+Release-4.19-CL-4033788
LogInit: Engine Version: 4.19.2-4033788+++UE4+Release-4.19
LogInit: Compatible Engine Version: 4.19.0-3944462+++UE4+Release-4.19
LogInit: Net CL: 3944462
LogDevObjectVersion: Number of dev versions registered: 18
LogDevObjectVersion:   Dev-Blueprints (B0D832E4-1F89-4F0D-ACCF-7EB736FD4AA2): 10
LogDevObjectVersion:   Dev-Build (E1C64328-A22C-4D53-A36C-8E866417BD8C): 0
LogDevObjectVersion:   Dev-Core (375EC13C-06E4-48FB-B500-84F0262A717E): 2
LogDevObjectVersion:   Dev-Editor (E4B068ED-F494-42E9-A231-DA0B2E46BB41): 23
LogDevObjectVersion:   Dev-Framework (CFFC743F-43B0-4480-9391-14DF171D2073): 33
LogDevObjectVersion:   Dev-Mobile (B02B49B5-BB20-44E9-A304-32B752E40360): 2
LogDevObjectVersion:   Dev-Networking (A4E4105C-59A1-49B5-A7C5-40C4547EDFEE): 0
LogDevObjectVersion:   Dev-Online (39C831C9-5AE6-47DC-9A44-9C173E1C8E7C): 0
LogDevObjectVersion:   Dev-Physics (78F01B33-EBEA-4F98-B9B4-84EACCB95AA2): 0
LogDevObjectVersion:   Dev-Platform (6631380F-2D4D-43E0-8009-CF276956A95A): 0
LogDevObjectVersion:   Dev-Rendering (12F88B9F-8875-4AFC-A67C-D90C383ABD29): 25
LogDevObjectVersion:   Dev-Sequencer (7B5AE74C-D270-4C10-A958-57980B212A5A): 6
LogDevObjectVersion:   Dev-VR (D7296918-1DD6-4BDD-9DE2-64A83CC13884): 1
LogDevObjectVersion:   Dev-LoadTimes (C2A15278-BFE7-4AFE-6C17-90FF531DF755): 1
LogDevObjectVersion:   Private-Geometry (6EACA3D4-40EC-4CC1-B786-8BED09428FC5): 2
LogDevObjectVersion:   Dev-AnimPhys (29E575DD-E0A3-4627-9D10-D276232CDCEA): 16
LogDevObjectVersion:   Dev-ReflectionCapture (6B266CEC-1EC7-4B8F-A30B-E4D90942FC07): 1
LogDevObjectVersion:   Dev-Automation (0DF73D61-A23F-47EA-B727-89E90C41499A): 1
LogInit: Compiled (64-bit): Apr 27 2018 02:06:57
LogInit: Compiled with Visual C++: 19.00.24215.01
LogInit: Build Configuration: Development
LogInit: Branch Name: ++UE4+Release-4.19
LogInit: Command Line:  
LogInit: Base Directory: C:/Program Files/Epic Games/UE_4.19/Engine/Binaries/Win64/
LogInit: Installed Engine Build: 1
LogStreaming: Display: Took  0.000s to delete old logs.
LogInit: Presizing for max 8388607 objects, including 0 objects not considered by GC, pre-allocating 0 bytes for permanent pool.
LogInit: Object subsystem initialized
[2018.05.11-22.06.31:119][  0]LogInit: Selected Device Profile: [Windows]
[2018.05.11-22.06.31:119][  0]LogInit: Applying CVar settings loaded from the selected device profile: [Windows]
[2018.05.11-22.06.31:146][  0]LogInit: Computer: DESKTOP-4O6MQG9
[2018.05.11-22.06.31:146][  0]LogInit: User: Morbidcaine
[2018.05.11-22.06.31:146][  0]LogInit: CPU Page size=4096, Cores=6
[2018.05.11-22.06.31:146][  0]LogInit: High frequency timer resolution =3.609382 MHz
[2018.05.11-22.06.31:146][  0]LogMemory: Memory total: Physical=15.9GB (16GB approx)
[2018.05.11-22.06.31:146][  0]LogMemory: Platform Memory Stats for Windows
[2018.05.11-22.06.31:146][  0]LogMemory: Process Physical Memory: 274.49 MB used, 274.49 MB peak
[2018.05.11-22.06.31:146][  0]LogMemory: Process Virtual Memory: 265.98 MB used, 265.98 MB peak
[2018.05.11-22.06.31:146][  0]LogMemory: Physical Memory: 5336.08 MB used,  10975.17 MB free, 16311.25 MB total
[2018.05.11-22.06.31:146][  0]LogMemory: Virtual Memory: 4808.89 MB used,  10975.17 MB free, 134217728.00 MB total
[2018.05.11-22.06.31:178][  0]LogInit: Using OS detected language (en-US).
[2018.05.11-22.06.31:178][  0]LogInit: Using OS detected locale (en-US).
[2018.05.11-22.06.31:180][  0]LogTextLocalizationManager: No specific localization for 'en-US' exists, so the 'en' localization will be used.
[2018.05.11-22.06.31:505][  0]LogStreaming: Display: Took  0.327s to EndInitTextLocalization.
[2018.05.11-22.06.31:505][  0]LogInit: Setting process to per monitor DPI aware
[2018.05.11-22.06.31:533][  0]LogSlate: New Slate User Created.  User Index 0, Is Virtual User: 0
[2018.05.11-22.06.31:533][  0]LogSlate: Slate User Registered.  User Index 0, Is Virtual User: 0
[2018.05.11-22.06.31:661][  0]LogD3D11RHI: D3D11 adapters:
[2018.05.11-22.06.31:711][  0]LogD3D11RHI:    0. 'NVIDIA GeForce GTX 1060 6GB' (Feature Level 11_0)
[2018.05.11-22.06.31:711][  0]LogD3D11RHI:       6052/0/8155 MB DedicatedVideo/DedicatedSystem/SharedSystem, Outputs:1, VendorId:0x10de
[2018.05.11-22.06.31:713][  0]LogD3D11RHI:    1. 'Microsoft Basic Render Driver' (Feature Level 11_0)
[2018.05.11-22.06.31:713][  0]LogD3D11RHI:       0/0/8155 MB DedicatedVideo/DedicatedSystem/SharedSystem, Outputs:0, VendorId:0x1414
[2018.05.11-22.06.31:713][  0]LogD3D11RHI: Chosen D3D11 Adapter: 0
[2018.05.11-22.06.31:720][  0]LogD3D11RHI: Creating new Direct3DDevice
[2018.05.11-22.06.31:720][  0]LogD3D11RHI:     GPU DeviceId: 0x1c03 (for the marketing name, search the web for "GPU Device Id")
[2018.05.11-22.06.31:720][  0]LogWindows: EnumDisplayDevices:
[2018.05.11-22.06.31:720][  0]LogWindows:    0. 'NVIDIA GeForce GTX 1060 6GB' (P:1 D:1)
[2018.05.11-22.06.31:720][  0]LogWindows:    1. 'NVIDIA GeForce GTX 1060 6GB' (P:0 D:0)
[2018.05.11-22.06.31:720][  0]LogWindows:    2. 'NVIDIA GeForce GTX 1060 6GB' (P:0 D:0)
[2018.05.11-22.06.31:721][  0]LogWindows:    3. 'NVIDIA GeForce GTX 1060 6GB' (P:0 D:0)
[2018.05.11-22.06.31:721][  0]LogWindows: DebugString: GetVideoDriverDetailsInvalid PrimaryIsNotTheChoosenAdapter GetVideoDriverDetailsInvalid PrimaryIsNotTheChoosenAdapter GetVideoDriverDetailsInvalid PrimaryIsNotTheChoosenAdapter GetVideoDriverDetailsInvalid PrimaryIsNotTheChoosenAdapter FoundDriverCount:0 
[2018.05.11-22.06.31:721][  0]LogD3D11RHI:     Adapter Name: NVIDIA GeForce GTX 1060 6GB
[2018.05.11-22.06.31:721][  0]LogD3D11RHI:   Driver Version: Unknown (internal:Unknown, unified:Unknown)
[2018.05.11-22.06.31:721][  0]LogD3D11RHI:      Driver Date: Unknown
[2018.05.11-22.06.31:721][  0]LogRHI: Texture pool is 4236 MB (70% of 6052 MB)
[2018.05.11-22.06.31:751][  0]LogD3D11RHI: [Aftermath] Aftermath enabled and primed
[2018.05.11-22.06.31:751][  0]LogD3D11RHI: [Aftermath] Aftermath enabled and primed
[2018.05.11-22.06.31:751][  0]LogD3D11RHI: Async texture creation enabled
[2018.05.11-22.06.31:767][  0]LogD3D11RHI: GPU Timing Frequency: 1000.000000 (Debug: 2 2)
[2018.05.11-22.06.31:815][  0]LogShaderCompilers: Guid format shader working directory is -16 characters bigger than the processId version (../../../../../../Users/Morbidcaine/Documents/GitHub/UE4Jam/Crazy_M8s/Intermediate/Shaders/WorkingDirectory/420/).
[2018.05.11-22.06.31:815][  0]LogShaderCompilers: Cleaned the shader compiler working directory 'C:/Users/Morbidcaine/AppData/Local/Temp/UnrealShaderWorkingDir/ADDAB921401E0DB8BBDCFCB5A66A77EF/'.
[2018.05.11-22.06.32:010][  0]LogTemp: Display: Loaded TP AllDesktopTargetPlatform
[2018.05.11-22.06.32:021][  0]LogTemp: Display: Loaded TP MacClientTargetPlatform
[2018.05.11-22.06.32:031][  0]LogTemp: Display: Loaded TP MacNoEditorTargetPlatform
[2018.05.11-22.06.32:041][  0]LogTemp: Display: Loaded TP MacServerTargetPlatform
[2018.05.11-22.06.32:052][  0]LogTemp: Display: Loaded TP MacTargetPlatform
[2018.05.11-22.06.32:063][  0]LogTemp: Display: Loaded TP WindowsClientTargetPlatform
[2018.05.11-22.06.32:074][  0]LogTemp: Display: Loaded TP WindowsNoEditorTargetPlatform
[2018.05.11-22.06.32:085][  0]LogTemp: Display: Loaded TP WindowsServerTargetPlatform
[2018.05.11-22.06.32:090][  0]LogTemp: Display: Loaded TP WindowsTargetPlatform
[2018.05.11-22.06.32:100][  0]LogTemp: Display: Loaded TP Android_ASTCTargetPlatform
[2018.05.11-22.06.32:109][  0]LogTemp: Display: Loaded TP Android_ATCTargetPlatform
[2018.05.11-22.06.32:119][  0]LogTemp: Display: Loaded TP Android_DXTTargetPlatform
[2018.05.11-22.06.32:128][  0]LogTemp: Display: Loaded TP Android_ETC1aTargetPlatform
[2018.05.11-22.06.32:138][  0]LogTemp: Display: Loaded TP Android_ETC1TargetPlatform
[2018.05.11-22.06.32:148][  0]LogTemp: Display: Loaded TP Android_ETC2TargetPlatform
[2018.05.11-22.06.32:167][  0]LogTemp: Display: Loaded TP Android_MultiTargetPlatform
[2018.05.11-22.06.32:167][  0]LogTemp: Display: Loaded TP Android_PVRTCTargetPlatform
[2018.05.11-22.06.32:177][  0]LogTemp: Display: Loaded TP AndroidTargetPlatform
[2018.05.11-22.06.32:179][  0]LogTemp: Display: Loaded TP HTML5TargetPlatform
[2018.05.11-22.06.32:214][  0]LogTemp: Display: Loaded TP IOSTargetPlatform
[2018.05.11-22.06.32:226][  0]LogTemp: Display: Loaded TP TVOSTargetPlatform
[2018.05.11-22.06.32:245][  0]LogTemp: Display: Loaded TP LinuxClientTargetPlatform
[2018.05.11-22.06.32:265][  0]LogTemp: Display: Loaded TP LinuxNoEditorTargetPlatform
[2018.05.11-22.06.32:282][  0]LogTemp: Display: Loaded TP LinuxServerTargetPlatform
[2018.05.11-22.06.32:292][  0]LogTemp: Display: Loaded TP LinuxTargetPlatform
[2018.05.11-22.06.32:292][  0]LogTargetPlatformManager: Display: Building Assets For Windows
[2018.05.11-22.06.32:385][  0]LogXGEController: Cleaning working directory: C:/Users/Morbidcaine/AppData/Local/Temp/UnrealXGEWorkingDir/
[2018.05.11-22.06.32:385][  0]LogXGEController: Cannot use XGE Controller as Incredibuild is not installed on this machine.
[2018.05.11-22.06.32:385][  0]LogShaderCompilers: Cannot use XGE Shader Compiler as Incredibuild is not installed on this machine.
[2018.05.11-22.06.32:385][  0]LogShaderCompilers: Display: Using Local Shader Compiler.
[2018.05.11-22.06.32:894][  0]LogDerivedDataCache: Display: Max Cache Size: 512 MB
[2018.05.11-22.06.32:953][  0]LogDerivedDataCache: Loaded boot cache 0.06s 74MB C:/Users/Morbidcaine/AppData/Local/UnrealEngine/4.19/DerivedDataCache/Boot.ddc.
[2018.05.11-22.06.32:954][  0]LogDerivedDataCache: Display: Loaded Boot cache: C:/Users/Morbidcaine/AppData/Local/UnrealEngine/4.19/DerivedDataCache/Boot.ddc
[2018.05.11-22.06.32:954][  0]LogDerivedDataCache: FDerivedDataBackendGraph:  Pak pak cache file ../../../../../../Users/Morbidcaine/Documents/GitHub/UE4Jam/Crazy_M8s/DerivedDataCache/DDC.ddp not found, will not use a pak cache.
[2018.05.11-22.06.32:954][  0]LogDerivedDataCache: Unable to find inner node Pak for hierarchical cache Hierarchy.
[2018.05.11-22.06.32:954][  0]LogDerivedDataCache: FDerivedDataBackendGraph:  CompressedPak pak cache file ../../../../../../Users/Morbidcaine/Documents/GitHub/UE4Jam/Crazy_M8s/DerivedDataCache/Compressed.ddp not found, will not use a pak cache.
[2018.05.11-22.06.32:954][  0]LogDerivedDataCache: Unable to find inner node CompressedPak for hierarchical cache Hierarchy.
[2018.05.11-22.06.32:966][  0]LogDerivedDataCache: Display: Pak cache opened for reading ../../../Engine/DerivedDataCache/Compressed.ddp.
[2018.05.11-22.06.32:979][  0]LogDerivedDataCache: Using Local data cache path C:/Users/Morbidcaine/AppData/Local/UnrealEngine/Common/DerivedDataCache: Writable
[2018.05.11-22.06.32:979][  0]LogDerivedDataCache: Shared data cache path not found in *engine.ini, will not use an Shared cache.
[2018.05.11-22.06.32:979][  0]LogDerivedDataCache: Unable to find inner node Shared for hierarchical cache Hierarchy.
[2018.05.11-22.06.32:987][  0]LogMaterial: Verifying Global Shaders for PCD3D_SM5
[2018.05.11-22.06.32:987][  0]LogSlate: Using Freetype 2.6.0
[2018.05.11-22.06.32:988][  0]LogSlate: SlateFontCache - WITH_FREETYPE: 1, WITH_HARFBUZZ: 1
[2018.05.11-22.06.32:988][  0]LogSlate: SlateFontCache - WITH_FREETYPE: 1, WITH_HARFBUZZ: 1
[2018.05.11-22.06.33:084][  0]LogAssetRegistry: FAssetRegistry took 0.0247 seconds to start up
[2018.05.11-22.06.33:311][  0]LogInit: Selected Device Profile: [Windows]
[2018.05.11-22.06.33:425][  0]LogSimplygon: Simplygon DLL not present - disabling.
[2018.05.11-22.06.33:427][  0]LogMeshReduction: Using SimplygonSwarm for distributed automatic mesh merging
[2018.05.11-22.06.33:427][  0]LogMeshReduction: Using QuadricMeshReduction for automatic static mesh reduction
[2018.05.11-22.06.33:427][  0]LogMeshReduction: No automatic skeletal mesh reduction module available
[2018.05.11-22.06.33:427][  0]LogMeshReduction: No automatic mesh merging module available
[2018.05.11-22.06.33:427][  0]LogMeshMerging: No automatic mesh merging module available
[2018.05.11-22.06.33:453][  0]LogNetVersion: Crazy_M8s , NetCL: 3944462, EngineNetVer: 2, GameNetVer: 0 (Checksum: 383529911)
[2018.05.11-22.06.33:782][  0]LogPackageLocalizationCache: Processed 9 localized package path(s) for 2 prioritized culture(s) in 0.050397 seconds
[2018.05.11-22.06.33:786][  0]LogUObjectArray: 36728 objects as part of root set at end of initial load.
[2018.05.11-22.06.33:786][  0]LogUObjectAllocator: 7314304 out of 0 bytes used by permanent object pool.
[2018.05.11-22.06.33:786][  0]LogUObjectArray: CloseDisregardForGC: 0/0 objects in disregard for GC pool
[2018.05.11-22.06.35:041][  0]LogTcpMessaging: Initializing TcpMessaging bridge
[2018.05.11-22.06.35:069][  0]LogUdpMessaging: Initializing bridge on interface 0.0.0.0:0 to multicast group 230.0.0.1:6666.
[2018.05.11-22.06.35:411][  0]SourceControl: Source control is disabled
[2018.05.11-22.06.36:198][  0]LogAndroidPermission: UAndroidPermissionCallbackProxy::GetInstance
[2018.05.11-22.06.36:333][  0]LogOcInput: OculusInput pre-init called
[2018.05.11-22.06.36:423][  0]LogEngine: Initializing Engine...
[2018.05.11-22.06.36:424][  0]LogHMD: Failed to initialize OpenVR with code 110
[2018.05.11-22.06.36:425][  0]LogStats: UGameplayTagsManager::ConstructGameplayTagTree: Construct from data asset -  0.000 s
[2018.05.11-22.06.36:425][  0]LogStats: UGameplayTagsManager::ConstructGameplayTagTree: GameplayTagTreeChangedEvent.Broadcast -  0.000 s
[2018.05.11-22.06.36:610][  0]LogAIModule: Creating AISystem for world Untitled
[2018.05.11-22.06.36:625][  0]LogInit: XAudio2 using 'Speakers (Realtek High Definition Audio)' : 2 channels at 48 kHz using 32 bits per sample (channel mask 0x3)
[2018.05.11-22.06.36:709][  0]LogInit: FAudioDevice initialized.
[2018.05.11-22.06.36:786][  0]LogDerivedDataCache: Saved boot cache 0.08s 74MB C:/Users/Morbidcaine/AppData/Local/UnrealEngine/4.19/DerivedDataCache/Boot.ddc.
[2018.05.11-22.06.36:807][  0]LogInit: Texture streaming: Enabled
[2018.05.11-22.06.36:826][  0]LogEngineSessionManager: EngineSessionManager initialized
[2018.05.11-22.06.36:838][  0]LogInit: Transaction tracking system initialized
[2018.05.11-22.06.36:859][  0]BlueprintLog: New page: Editor Load
[2018.05.11-22.06.36:927][  0]LocalizationService: Localization service is disabled
[2018.05.11-22.06.37:009][  0]LogConsoleResponse: Display: 
[2018.05.11-22.06.37:129][  0]LogCook: Display: Max memory allowance for cook 16384mb min free memory 0mb
[2018.05.11-22.06.37:129][  0]LogCook: Display: Mobile HDR setting 1
[2018.05.11-22.06.37:129][  0]LogGameplayTags: Display: UGameplayTagsManager::DoneAddingNativeTags. DelegateIsBound: 0
[2018.05.11-22.06.37:129][  0]LogStats: UGameplayTagsManager::ConstructGameplayTagTree: Construct from data asset -  0.000 s
[2018.05.11-22.06.37:129][  0]LogStats: UGameplayTagsManager::ConstructGameplayTagTree: GameplayTagTreeChangedEvent.Broadcast -  0.000 s
[2018.05.11-22.06.37:242][  0]LogFileCache: Scanning file cache for directory 'C:/Users/Morbidcaine/Documents/GitHub/UE4Jam/Crazy_M8s/Content/' took 0.01s
[2018.05.11-22.06.37:445][  0]Cmd: MAP LOAD FILE="../../../../../../Users/Morbidcaine/Documents/GitHub/UE4Jam/Crazy_M8s/Content/ThirdPersonBP/Maps/ThirdPersonExampleMap.umap" TEMPLATE=0 SHOWPROGRESS=1 FEATURELEVEL=3
[2018.05.11-22.06.37:445][  0]LightingResults: New page: Lighting Build
[2018.05.11-22.06.37:447][  0]MapCheck: New page: Map Check
[2018.05.11-22.06.37:447][  0]LightingResults: New page: Lighting Build
[2018.05.11-22.06.37:487][  0]LogUObjectGlobals: Created PersistentFrame Addr=0x0000022f3d4ddc00, Size=64, Default__ThirdPerson_AnimBP_C Function /Game/Mannequin/Animations/ThirdPerson_AnimBP.ThirdPerson_AnimBP_C:ExecuteUbergraph_ThirdPerson_AnimBP
[2018.05.11-22.06.37:495][  0]LogUObjectGlobals: Destroyed PersistentFrame Addr=0x0000022f3d4ddc00, Size=64
[2018.05.11-22.06.37:495][  0]LogUObjectGlobals: Created PersistentFrame Addr=0x0000022f3d4ddd40, Size=64, Default__ThirdPerson_AnimBP_C Function /Engine/Transient.REINST_ThirdPerson_AnimBP_C_0:ExecuteUbergraph_ThirdPerson_AnimBP
[2018.05.11-22.06.37:501][  0]LogUObjectGlobals: Created PersistentFrame Addr=0x0000022f3d184310, Size=72, Default__ThirdPerson_AnimBP_C Function /Game/Mannequin/Animations/ThirdPerson_AnimBP.ThirdPerson_AnimBP_C:ExecuteUbergraph_ThirdPerson_AnimBP
[2018.05.11-22.06.37:529][  0]LogUObjectGlobals: Created PersistentFrame Addr=0x0000022f3d11a200, Size=296, Default__ThirdPersonCharacter_C Function /Game/ThirdPersonBP/Blueprints/ThirdPersonCharacter.ThirdPersonCharacter_C:ExecuteUbergraph_ThirdPersonCharacter
[2018.05.11-22.06.37:533][  0]LogUObjectGlobals: Destroyed PersistentFrame Addr=0x0000022f3d11a200, Size=296
[2018.05.11-22.06.37:533][  0]LogUObjectGlobals: Created PersistentFrame Addr=0x0000022f3d11a200, Size=296, Default__ThirdPersonCharacter_C Function /Engine/Transient.REINST_ThirdPersonCharacter_C_4:ExecuteUbergraph_ThirdPersonCharacter
[2018.05.11-22.06.37:537][  0]LogUObjectGlobals: Created PersistentFrame Addr=0x0000022f3d118b80, Size=296, Default__ThirdPersonCharacter_C Function /Game/ThirdPersonBP/Blueprints/ThirdPersonCharacter.ThirdPersonCharacter_C:ExecuteUbergraph_ThirdPersonCharacter
[2018.05.11-22.06.37:682][  0]LogSkeletalMesh: Skeletal Mesh found in DDC [9.820241ms] /Game/Mannequin/Character/Mesh/SK_Mannequin.SK_Mannequin
[2018.05.11-22.06.37:754][  0]LogAIModule: Creating AISystem for world ThirdPersonExampleMap
[2018.05.11-22.06.37:761][  0]LogEditorServer: Finished looking for orphan Actors (0.000 secs)
[2018.05.11-22.06.37:770][  0]LogUObjectGlobals: Destroyed PersistentFrame Addr=0x0000022f3d4ddd40, Size=64
[2018.05.11-22.06.37:770][  0]LogUObjectGlobals: Destroyed PersistentFrame Addr=0x0000022f3d11a200, Size=296
[2018.05.11-22.06.37:771][  0]Cmd: MAP CHECKDEP NOCLEARLOG
[2018.05.11-22.06.37:815][  0]MapCheck: Map check complete: 0 Error(s), 0 Warning(s), took 43.64ms to complete.
[2018.05.11-22.06.37:815][  0]LogFileHelpers: Loading map 'ThirdPersonExampleMap' took 0.370
[2018.05.11-22.06.38:028][  0]LogCollectionManager: Loaded 0 collections in 0.001776 seconds
[2018.05.11-22.06.38:067][  0]LogFileCache: Scanning file cache for directory 'C:/Users/Morbidcaine/Documents/GitHub/UE4Jam/Crazy_M8s/Saved/Collections/' took 0.01s
[2018.05.11-22.06.38:068][  0]LogFileCache: Scanning file cache for directory 'C:/Users/Morbidcaine/Documents/GitHub/UE4Jam/Crazy_M8s/Content/Developers/Morbidcaine/Collections/' took 0.01s
[2018.05.11-22.06.38:068][  0]LogFileCache: Scanning file cache for directory 'C:/Users/Morbidcaine/Documents/GitHub/UE4Jam/Crazy_M8s/Content/Collections/' took 0.01s
[2018.05.11-22.06.38:068][  0]LogCollectionManager: Rebuilt the GUID cache for 0 collections in 0.000001 seconds
[2018.05.11-22.06.38:075][  0]LogContentBrowser: Native class hierarchy populated in 0.0072 seconds. Added 2452 classes and 558 folders.
[2018.05.11-22.06.38:080][  0]LogContentBrowser: Native class hierarchy updated for 'WidgetCarousel' in 0.0002 seconds. Added 0 classes and 0 folders.
[2018.05.11-22.06.38:122][  0]LogContentBrowser: Native class hierarchy updated for 'AddContentDialog' in 0.0002 seconds. Added 0 classes and 0 folders.
[2018.05.11-22.06.38:127][  0]LogContentBrowser: Native class hierarchy updated for 'SceneOutliner' in 0.0002 seconds. Added 1 classes and 2 folders.
[2018.05.11-22.06.38:185][  0]LogSlate: Took 0.000290 seconds to synchronously load lazily loaded font '../../../Engine/Content/Slate/Fonts/Roboto-Regular.ttf' (155K)
[2018.05.11-22.06.38:187][  0]LogSlate: Took 0.000327 seconds to synchronously load lazily loaded font '../../../Engine/Content/Slate/Fonts/Roboto-Bold.ttf' (160K)
[2018.05.11-22.06.38:192][  0]LogSlate: Took 0.000124 seconds to synchronously load lazily loaded font '../../../Engine/Content/Editor/Slate/Fonts/FontAwesome.ttf' (139K)
[2018.05.11-22.06.38:266][  0]LogRenderer: Reallocating scene render targets to support 1208x728 Format 10 NumSamples 1 (Frame:1).
[2018.05.11-22.06.38:364][  0]LogContentBrowser: Native class hierarchy updated for 'HierarchicalLODOutliner' in 0.0002 seconds. Added 0 classes and 0 folders.
[2018.05.11-22.06.38:364][  0]LogLoad: (Engine Initialization) Total time: 9.84 seconds
[2018.05.11-22.06.38:364][  0]LogLoad: (Engine Initialization) Total Blueprint compile time: 0.00 seconds
[2018.05.11-22.06.38:374][  0]LogWindowsTextInputMethodSystem: Display: IME system now deactivated.
[2018.05.11-22.06.38:396][  0]LogContentStreaming: Texture pool size now 1000 MB
[2018.05.11-22.06.38:514][  1]LogAssetRegistry: Asset discovery search completed in 5.4527 seconds
[2018.05.11-22.06.38:517][  1]LogCollectionManager: Rebuilt the object cache for 0 collections in 0.000001 seconds (found 0 objects)
[2018.05.11-22.06.38:517][  1]LogCollectionManager: Fixed up redirectors for 0 collections in 0.000072 seconds (updated 0 objects)
[2018.05.11-22.06.49:829][349]LogEditorViewport: Clicking on Actor (LMB): TextRenderActor (TextRenderActor)
[2018.05.11-22.06.51:275][516]Cmd: DELETE
[2018.05.11-22.06.51:275][516]Cmd: ACTOR DELETE
[2018.05.11-22.06.51:278][516]LogEditorActor: Deleted Actor: TextRenderActor
[2018.05.11-22.06.51:286][516]LogEditorActor: Deleted 1 Actors (0.011 secs)
[2018.05.11-22.06.58:017][322]LogSlate: FSceneViewport::OnFocusLost() reason 0
[2018.05.11-22.06.59:609][330]LogSlate: Window 'Save Content' being destroyed
[2018.05.11-22.06.59:673][330]LogSlate: Took 0.000129 seconds to synchronously load lazily loaded font '../../../Engine/Content/Slate/Fonts/Roboto-Light.ttf' (167K)
[2018.05.11-22.06.59:818][330]LogSavePackage: Save=73.00ms
[2018.05.11-22.06.59:818][330]LogSavePackage: Moving '../../../../../../Users/Morbidcaine/Documents/GitHub/UE4Jam/Crazy_M8s/Saved/ThirdPersonExampleMapF074313542F45E0BA6416DBEF715A9DC.tmp' to '../../../../../../Users/Morbidcaine/Documents/GitHub/UE4Jam/Crazy_M8s/Content/ThirdPersonBP/Maps/ThirdPersonExampleMap.umap'
[2018.05.11-22.06.59:821][330]LogSavePackage: Display: Finished SavePackage ../../../../../../Users/Morbidcaine/Documents/GitHub/UE4Jam/Crazy_M8s/Content/ThirdPersonBP/Maps/ThirdPersonExampleMap.umap
[2018.05.11-22.06.59:832][330]LogFileHelpers: Saving map 'ThirdPersonExampleMap' took 0.149
[2018.05.11-22.07.01:176][472]LogSavePackage: Save=63.32ms
[2018.05.11-22.07.01:176][472]LogSavePackage: Moving '../../../../../../Users/Morbidcaine/Documents/GitHub/UE4Jam/Crazy_M8s/Saved/ThirdPersonExampleMapA168C1434203E577158EABBCBBA4A285.tmp' to '../../../../../../Users/Morbidcaine/Documents/GitHub/UE4Jam/Crazy_M8s/Content/ThirdPersonBP/Maps/ThirdPersonExampleMap.umap'
[2018.05.11-22.07.01:179][472]LogSavePackage: Display: Finished SavePackage ../../../../../../Users/Morbidcaine/Documents/GitHub/UE4Jam/Crazy_M8s/Content/ThirdPersonBP/Maps/ThirdPersonExampleMap.umap
[2018.05.11-22.07.01:363][472]LogSavePackage: Save=112.86ms
[2018.05.11-22.07.01:363][472]LogSavePackage: Moving '../../../../../../Users/Morbidcaine/Documents/GitHub/UE4Jam/Crazy_M8s/Saved/ThirdPersonExampleMap_BuiltDataFBBC865B4A5786CD7F7896BF4695D28F.tmp' to '../../../../../../Users/Morbidcaine/Documents/GitHub/UE4Jam/Crazy_M8s/Content/ThirdPersonBP/Maps/ThirdPersonExampleMap_BuiltData.uasset'
[2018.05.11-22.07.01:364][472]LogSavePackage: Display: Finished SavePackage ../../../../../../Users/Morbidcaine/Documents/GitHub/UE4Jam/Crazy_M8s/Content/ThirdPersonBP/Maps/ThirdPersonExampleMap_BuiltData.uasset
[2018.05.11-22.07.16:014][224]LogSlate: FSceneViewport::OnFocusLost() reason 0
[2018.05.11-22.07.18:578][528]Cmd: BRUSH ADD SELECTNEWBRUSH
[2018.05.11-22.07.20:549][759]Cmd: CAMERA ALIGN ACTIVEVIEWPORTONLY
[2018.05.11-22.07.49:683][170]LogEditorViewport: Clicking on Actor (LMB): StaticMeshActor (Floor)
[2018.05.11-22.07.55:348][836]LogSlate: FSceneViewport::OnFocusLost() reason 0
[2018.05.11-22.08.10:217][599]LogSlate: FSceneViewport::OnFocusLost() reason 2
[2018.05.11-22.08.15:730][248]LogEditorViewport: Clicking on Actor (LMB): StaticMeshActor (Floor)
[2018.05.11-22.08.18:583][579]LogSlate: FSceneViewport::OnFocusLost() reason 0
[2018.05.11-22.08.25:754][428]LogSlate: FSceneViewport::OnFocusLost() reason 0
[2018.05.11-22.08.30:150][949]LogEditorViewport: Clicking on Actor (LMB): StaticMeshActor (Floor)
[2018.05.11-22.08.34:500][458]LogSlate: FSceneViewport::OnFocusLost() reason 0
[2018.05.11-22.09.09:711][618]LogSlate: Window 'Select Path' being destroyed
[2018.05.11-22.09.09:754][618]LogStaticMesh: Building static mesh Box_Brush_StaticMesh...
[2018.05.11-22.09.09:764][618]LogStaticMesh: Built static mesh [0.01s] /Game/Crazy_M8s/Meshes/Box_Brush_StaticMesh.Box_Brush_StaticMesh
[2018.05.11-22.09.09:767][618]LogActorFactory: Actor Factory created Box_Brush_StaticMesh
[2018.05.11-22.09.09:787][618]LogEditor: Error: Actor 'Brush /Game/ThirdPersonBP/Maps/ThirdPersonExampleMap.ThirdPersonExampleMap:PersistentLevel.BoxBrush' is marked pending kill and cannot be converted
[2018.05.11-22.09.09:787][618]LogEditor: Error: Actor 'Brush /Game/ThirdPersonBP/Maps/ThirdPersonExampleMap.ThirdPersonExampleMap:PersistentLevel.BoxBrush2' is marked pending kill and cannot be converted
[2018.05.11-22.09.09:787][618]LogEditor: Error: Actor 'Brush /Game/ThirdPersonBP/Maps/ThirdPersonExampleMap.ThirdPersonExampleMap:PersistentLevel.BoxBrush3' is marked pending kill and cannot be converted
[2018.05.11-22.09.09:787][618]LogEditor: Error: Actor 'Brush /Game/ThirdPersonBP/Maps/ThirdPersonExampleMap.ThirdPersonExampleMap:PersistentLevel.BoxBrush4' is marked pending kill and cannot be converted
[2018.05.11-22.09.09:787][618]EditorErrors: New page: Actor Reattachment
[2018.05.11-22.09.11:233][784]LogEditorViewport: Clicking on Actor (LMB): StaticMeshActor (Floor)
[2018.05.11-22.09.17:030][471]LogSlate: FSceneViewport::OnFocusLost() reason 0
[2018.05.11-22.09.18:416][478]LogSlate: Window 'Save Content' being destroyed
[2018.05.11-22.09.18:552][478]LogSavePackage: Save=9.01ms
[2018.05.11-22.09.18:552][478]LogSavePackage: Moving '../../../../../../Users/Morbidcaine/Documents/GitHub/UE4Jam/Crazy_M8s/Saved/Box_Brush_StaticMesh750317434461D2DA39A666951F442FD8.tmp' to '../../../../../../Users/Morbidcaine/Documents/GitHub/UE4Jam/Crazy_M8s/Content/Crazy_M8s/Meshes/Box_Brush_StaticMesh.uasset'
[2018.05.11-22.09.18:554][478]LogSavePackage: Display: Finished SavePackage ../../../../../../Users/Morbidcaine/Documents/GitHub/UE4Jam/Crazy_M8s/Content/Crazy_M8s/Meshes/Box_Brush_StaticMesh.uasset
[2018.05.11-22.09.18:806][478]LogSavePackage: Save=67.63ms
[2018.05.11-22.09.18:806][478]LogSavePackage: Moving '../../../../../../Users/Morbidcaine/Documents/GitHub/UE4Jam/Crazy_M8s/Saved/ThirdPersonExampleMap62010FCB41CAB6B8F851D7A3BD121764.tmp' to '../../../../../../Users/Morbidcaine/Documents/GitHub/UE4Jam/Crazy_M8s/Content/ThirdPersonBP/Maps/ThirdPersonExampleMap.umap'
[2018.05.11-22.09.18:811][478]LogSavePackage: Display: Finished SavePackage ../../../../../../Users/Morbidcaine/Documents/GitHub/UE4Jam/Crazy_M8s/Content/ThirdPersonBP/Maps/ThirdPersonExampleMap.umap
[2018.05.11-22.09.18:822][478]LogFileHelpers: Saving map 'ThirdPersonExampleMap' took 0.152
[2018.05.11-22.09.19:923][592]LogSavePackage: Save=63.84ms
[2018.05.11-22.09.19:923][592]LogSavePackage: Moving '../../../../../../Users/Morbidcaine/Documents/GitHub/UE4Jam/Crazy_M8s/Saved/ThirdPersonExampleMapAAD82BB94C211F6A58BC26B3B4DCCA18.tmp' to '../../../../../../Users/Morbidcaine/Documents/GitHub/UE4Jam/Crazy_M8s/Content/ThirdPersonBP/Maps/ThirdPersonExampleMap.umap'
[2018.05.11-22.09.19:924][592]LogSavePackage: Display: Finished SavePackage ../../../../../../Users/Morbidcaine/Documents/GitHub/UE4Jam/Crazy_M8s/Content/ThirdPersonBP/Maps/ThirdPersonExampleMap.umap
[2018.05.11-22.09.20:064][592]LogSavePackage: Save=70.75ms
[2018.05.11-22.09.20:064][592]LogSavePackage: Moving '../../../../../../Users/Morbidcaine/Documents/GitHub/UE4Jam/Crazy_M8s/Saved/ThirdPersonExampleMap_BuiltData638A0BC942CAD23DBED43CA99AADAEF0.tmp' to '../../../../../../Users/Morbidcaine/Documents/GitHub/UE4Jam/Crazy_M8s/Content/ThirdPersonBP/Maps/ThirdPersonExampleMap_BuiltData.uasset'
[2018.05.11-22.09.20:066][592]LogSavePackage: Display: Finished SavePackage ../../../../../../Users/Morbidcaine/Documents/GitHub/UE4Jam/Crazy_M8s/Content/ThirdPersonBP/Maps/ThirdPersonExampleMap_BuiltData.uasset
[2018.05.11-22.10.08:080][ 94]LogSavePackage: Save=65.39ms
[2018.05.11-22.10.08:080][ 94]LogSavePackage: Moving '../../../../../../Users/Morbidcaine/Documents/GitHub/UE4Jam/Crazy_M8s/Saved/ThirdPersonExampleMap475D5B384CFD1B437AB7F4B06AE1F829.tmp' to '../../../../../../Users/Morbidcaine/Documents/GitHub/UE4Jam/Crazy_M8s/Content/ThirdPersonBP/Maps/ThirdPersonExampleMap.umap'
[2018.05.11-22.10.08:083][ 94]LogSavePackage: Display: Finished SavePackage ../../../../../../Users/Morbidcaine/Documents/GitHub/UE4Jam/Crazy_M8s/Content/ThirdPersonBP/Maps/ThirdPersonExampleMap.umap
[2018.05.11-22.10.08:219][ 94]LogSavePackage: Save=68.58ms
[2018.05.11-22.10.08:219][ 94]LogSavePackage: Moving '../../../../../../Users/Morbidcaine/Documents/GitHub/UE4Jam/Crazy_M8s/Saved/ThirdPersonExampleMap_BuiltDataD786E47A4B94F878CC71C28E48B57A4C.tmp' to '../../../../../../Users/Morbidcaine/Documents/GitHub/UE4Jam/Crazy_M8s/Content/ThirdPersonBP/Maps/ThirdPersonExampleMap_BuiltData.uasset'
[2018.05.11-22.10.08:221][ 94]LogSavePackage: Display: Finished SavePackage ../../../../../../Users/Morbidcaine/Documents/GitHub/UE4Jam/Crazy_M8s/Content/ThirdPersonBP/Maps/ThirdPersonExampleMap_BuiltData.uasset
[2018.05.11-22.10.09:902][290]LogSlate: Window 'Crazy_M8s - Unreal Editor' being destroyed
[2018.05.11-22.10.09:903][290]LogWindowsTextInputMethodSystem: Display: IME system now deactivated.
[2018.05.11-22.10.10:116][291]Cmd: QUIT_EDITOR
[2018.05.11-22.10.10:178][291]LogSlate: Slate User Destroyed.  User Index 0, Is Virtual User: 0
[2018.05.11-22.10.10:178][291]LogExit: Preparing to exit.
[2018.05.11-22.10.11:241][291]LogDirectoryWatcher: A directory notification for 'C:/Users/Morbidcaine/Documents/GitHub/UE4Jam/Crazy_M8s/Content/' was aborted.
[2018.05.11-22.10.11:284][291]LogExit: Editor shut down
[2018.05.11-22.10.11:297][291]LogExit: Transaction tracking system shut down
[2018.05.11-22.10.11:299][291]LogUObjectGlobals: Destroyed PersistentFrame Addr=0x0000022f3d184310, Size=72
[2018.05.11-22.10.11:299][291]LogUObjectGlobals: Destroyed PersistentFrame Addr=0x0000022f3d118b80, Size=296
[2018.05.11-22.10.11:467][291]LogDirectoryWatcher: A directory notification for '../../../Engine/Content/' was aborted.
[2018.05.11-22.10.11:467][291]LogDirectoryWatcher: A directory notification for '../../../../../../Users/Morbidcaine/Documents/GitHub/UE4Jam/Crazy_M8s/Content/' was aborted.
[2018.05.11-22.10.11:467][291]LogDirectoryWatcher: A directory notification for '../../Plugins/2D/Paper2D/Content/' was aborted.
[2018.05.11-22.10.11:468][291]LogDirectoryWatcher: A directory notification for '../../Plugins/Enterprise/DatasmithContent/Content/' was aborted.
[2018.05.11-22.10.11:468][291]LogDirectoryWatcher: A directory notification for '../../Plugins/Media/MediaCompositing/Content/' was aborted.
[2018.05.11-22.10.11:468][291]LogDirectoryWatcher: A directory notification for '../../Plugins/Runtime/AppleARKit/Content/' was aborted.
[2018.05.11-22.10.11:468][291]LogDirectoryWatcher: A directory notification for '../../Plugins/Runtime/Oculus/OculusVR/Content/' was aborted.
[2018.05.11-22.10.11:468][291]LogDirectoryWatcher: A directory notification for '../../Plugins/Runtime/Steam/SteamVR/Content/' was aborted.
[2018.05.11-22.10.11:579][291]LogExit: Object subsystem successfully closed.
[2018.05.11-22.10.11:624][291]LogShaderCompilers: Display: Shaders left to compile 0
[2018.05.11-22.10.11:633][291]LogD3D11RHI: Shutdown
[2018.05.11-22.10.11:633][291]LogD3D11RHI: CleanupD3DDevice
[2018.05.11-22.10.11:640][291]LogD3D11RHI: ~FD3D11DynamicRHI
[2018.05.11-22.10.11:692][291]LogModuleManager: Shutting down and abandoning module HierarchicalLODOutliner (574)
[2018.05.11-22.10.11:692][291]LogModuleManager: Shutting down and abandoning module SceneOutliner (572)
[2018.05.11-22.10.11:692][291]LogModuleManager: Shutting down and abandoning module AddContentDialog (570)
[2018.05.11-22.10.11:693][291]LogDirectoryWatcher: A directory notification for 'C:/Program Files/Epic Games/UE_4.19/FeaturePacks/' was aborted.
[2018.05.11-22.10.11:693][291]LogDirectoryWatcher: A directory notification for 'C:/Program Files/Epic Games/UE_4.19/Enterprise/FeaturePacks/' was aborted.
[2018.05.11-22.10.11:694][291]LogModuleManager: Shutting down and abandoning module WidgetCarousel (569)
[2018.05.11-22.10.11:694][291]LogModuleManager: Shutting down and abandoning module EditorWidgets (566)
[2018.05.11-22.10.11:694][291]LogModuleManager: Shutting down and abandoning module CollectionManager (564)
[2018.05.11-22.10.11:694][291]LogDirectoryWatcher: A directory notification for 'C:/Users/Morbidcaine/Documents/GitHub/UE4Jam/Crazy_M8s/Content/Collections/' was aborted.
[2018.05.11-22.10.11:694][291]LogDirectoryWatcher: A directory notification for 'C:/Users/Morbidcaine/Documents/GitHub/UE4Jam/Crazy_M8s/Content/Developers/Morbidcaine/Collections/' was aborted.
[2018.05.11-22.10.11:694][291]LogDirectoryWatcher: A directory notification for 'C:/Users/Morbidcaine/Documents/GitHub/UE4Jam/Crazy_M8s/Saved/Collections/' was aborted.
[2018.05.11-22.10.11:694][291]LogModuleManager: Shutting down and abandoning module StatsViewer (562)
[2018.05.11-22.10.11:694][291]LogModuleManager: Shutting down and abandoning module FoliageEdit (560)
[2018.05.11-22.10.11:694][291]LogModuleManager: Shutting down and abandoning module LandscapeEditor (558)
[2018.05.11-22.10.11:694][291]LogModuleManager: Shutting down and abandoning module MeshPaintMode (556)
[2018.05.11-22.10.11:694][291]LogModuleManager: Shutting down and abandoning module SceneDepthPickerMode (554)
[2018.05.11-22.10.11:694][291]LogModuleManager: Shutting down and abandoning module ActorPickerMode (552)
[2018.05.11-22.10.11:694][291]LogModuleManager: Shutting down and abandoning module GeometryMode (550)
[2018.05.11-22.10.11:694][291]LogModuleManager: Shutting down and abandoning module TextureAlignMode (548)
[2018.05.11-22.10.11:694][291]LogModuleManager: Shutting down and abandoning module BspMode (546)
[2018.05.11-22.10.11:694][291]LogModuleManager: Shutting down and abandoning module PIEPreviewDeviceProfileSelector (544)
[2018.05.11-22.10.11:694][291]LogModuleManager: Shutting down and abandoning module HardwareSurvey (542)
[2018.05.11-22.10.11:695][291]LogModuleManager: Shutting down and abandoning module SequenceRecorderSections (540)
[2018.05.11-22.10.11:695][291]LogModuleManager: Shutting down and abandoning module AutomationWorker (538)
[2018.05.11-22.10.11:695][291]LogModuleManager: Shutting down and abandoning module AudioCaptureEditor (536)
[2018.05.11-22.10.11:695][291]LogModuleManager: Shutting down and abandoning module SequenceRecorder (535)
[2018.05.11-22.10.11:695][291]LogModuleManager: Shutting down and abandoning module MatineeToLevelSequence (532)
[2018.05.11-22.10.11:695][291]LogModuleManager: Shutting down and abandoning module LevelSequenceEditor (530)
[2018.05.11-22.10.11:695][291]LogModuleManager: Shutting down and abandoning module PlacementMode (529)
[2018.05.11-22.10.11:695][291]LogModuleManager: Shutting down and abandoning module MaterialEditor (528)
[2018.05.11-22.10.11:695][291]LogModuleManager: Shutting down and abandoning module WmfMediaFactory (524)
[2018.05.11-22.10.11:695][291]LogModuleManager: Shutting down and abandoning module WmfMediaEditor (522)
[2018.05.11-22.10.11:695][291]LogModuleManager: Shutting down and abandoning module MediaPlayerEditor (520)
[2018.05.11-22.10.11:695][291]LogModuleManager: Shutting down and abandoning module OpenExrWrapper (518)
[2018.05.11-22.10.11:695][291]LogModuleManager: Shutting down and abandoning module ImgMediaFactory (516)
[2018.05.11-22.10.11:695][291]LogModuleManager: Shutting down and abandoning module ImgMediaEditor (514)
[2018.05.11-22.10.11:695][291]LogModuleManager: Shutting down and abandoning module AvfMediaFactory (512)
[2018.05.11-22.10.11:695][291]LogModuleManager: Shutting down and abandoning module AvfMediaEditor (510)
[2018.05.11-22.10.11:695][291]LogModuleManager: Shutting down and abandoning module AndroidMediaFactory (508)
[2018.05.11-22.10.11:695][291]LogModuleManager: Shutting down and abandoning module AndroidMediaEditor (506)
[2018.05.11-22.10.11:695][291]LogModuleManager: Shutting down and abandoning module CharacterAI (504)
[2018.05.11-22.10.11:695][291]LogModuleManager: Shutting down and abandoning module SmartSnapping (502)
[2018.05.11-22.10.11:695][291]LogModuleManager: Shutting down and abandoning module SessionServices (500)
[2018.05.11-22.10.11:695][291]LogModuleManager: Shutting down and abandoning module ViewportSnapping (498)
[2018.05.11-22.10.11:695][291]LogModuleManager: Shutting down and abandoning module ViewportInteraction (496)
[2018.05.11-22.10.11:695][291]LogModuleManager: Shutting down and abandoning module ClothPainter (494)
[2018.05.11-22.10.11:696][291]LogModuleManager: Shutting down and abandoning module SkeletalMeshEditor (493)
[2018.05.11-22.10.11:696][291]LogModuleManager: Shutting down and abandoning module LogVisualizer (490)
[2018.05.11-22.10.11:696][291]LogModuleManager: Shutting down and abandoning module IntroTutorials (488)
[2018.05.11-22.10.11:696][291]LogModuleManager: Shutting down and abandoning module GameProjectGeneration (487)
[2018.05.11-22.10.11:696][291]LogModuleManager: Shutting down and abandoning module IOSPlatformEditor (484)
[2018.05.11-22.10.11:696][291]LogModuleManager: Shutting down and abandoning module HTML5PlatformEditor (482)
[2018.05.11-22.10.11:696][291]LogModuleManager: Shutting down and abandoning module AndroidPlatformEditor (480)
[2018.05.11-22.10.11:696][291]LogModuleManager: Shutting down and abandoning module AndroidDeviceDetection (479)
[2018.05.11-22.10.12:096][291]LogModuleManager: Shutting down and abandoning module WindowsPlatformEditor (476)
[2018.05.11-22.10.12:096][291]LogModuleManager: Shutting down and abandoning module IOSRuntimeSettings (474)
[2018.05.11-22.10.12:096][291]LogModuleManager: Shutting down and abandoning module AndroidRuntimeSettings (472)
[2018.05.11-22.10.12:096][291]LogModuleManager: Shutting down and abandoning module InputBindingEditor (470)
[2018.05.11-22.10.12:096][291]LogModuleManager: Shutting down and abandoning module MergeActors (468)
[2018.05.11-22.10.12:097][291]LogModuleManager: Shutting down and abandoning module LocalizationDashboard (466)
[2018.05.11-22.10.12:097][291]LogModuleManager: Shutting down and abandoning module LocalizationService (465)
[2018.05.11-22.10.12:097][291]LogModuleManager: Shutting down and abandoning module HardwareTargeting (462)
[2018.05.11-22.10.12:097][291]LogModuleManager: Shutting down and abandoning module DeviceProfileEditor (460)
[2018.05.11-22.10.12:097][291]LogModuleManager: Shutting down and abandoning module UndoHistory (458)
[2018.05.11-22.10.12:097][291]LogModuleManager: Shutting down and abandoning module XmlParser (456)
[2018.05.11-22.10.12:097][291]LogModuleManager: Shutting down and abandoning module Blutility (454)
[2018.05.11-22.10.12:097][291]LogModuleManager: Shutting down and abandoning module ProjectSettingsViewer (452)
[2018.05.11-22.10.12:097][291]LogModuleManager: Shutting down and abandoning module ProjectTargetPlatformEditor (451)
[2018.05.11-22.10.12:098][291]LogModuleManager: Shutting down and abandoning module EditorSettingsViewer (448)
[2018.05.11-22.10.12:098][291]LogModuleManager: Shutting down and abandoning module SettingsEditor (446)
[2018.05.11-22.10.12:098][291]LogModuleManager: Shutting down and abandoning module ProjectLauncher (444)
[2018.05.11-22.10.12:098][291]LogModuleManager: Shutting down and abandoning module SessionFrontend (442)
[2018.05.11-22.10.12:098][291]LogModuleManager: Shutting down and abandoning module ProfilerClient (440)
[2018.05.11-22.10.12:098][291]LogModuleManager: Shutting down and abandoning module DeviceManager (438)
[2018.05.11-22.10.12:098][291]LogModuleManager: Shutting down and abandoning module TargetDeviceServices (437)
[2018.05.11-22.10.12:153][291]LogModuleManager: Shutting down and abandoning module AutomationController (434)
[2018.05.11-22.10.12:153][291]LogModuleManager: Shutting down and abandoning module AutomationWindow (432)
[2018.05.11-22.10.12:153][291]LogModuleManager: Shutting down and abandoning module Layers (430)
[2018.05.11-22.10.12:153][291]LogModuleManager: Shutting down and abandoning module ComponentVisualizers (428)
[2018.05.11-22.10.12:153][291]LogModuleManager: Shutting down and abandoning module DetailCustomizations (426)
[2018.05.11-22.10.12:153][291]LogModuleManager: Shutting down and abandoning module PackagesDialog (424)
[2018.05.11-22.10.12:154][291]LogModuleManager: Shutting down and abandoning module Persona (422)
[2018.05.11-22.10.12:154][291]LogModuleManager: Shutting down and abandoning module AdvancedPreviewScene (421)
[2018.05.11-22.10.12:154][291]LogModuleManager: Shutting down and abandoning module AnimGraph (419)
[2018.05.11-22.10.12:154][291]LogModuleManager: Shutting down and abandoning module Kismet (416)
[2018.05.11-22.10.12:155][291]LogModuleManager: Shutting down and abandoning module GraphEditor (414)
[2018.05.11-22.10.12:155][291]LogModuleManager: Shutting down and abandoning module ClassViewer (412)
[2018.05.11-22.10.12:155][291]LogModuleManager: Shutting down and abandoning module Toolbox (410)
[2018.05.11-22.10.12:155][291]LogModuleManager: Shutting down and abandoning module ModuleUI (408)
[2018.05.11-22.10.12:155][291]LogModuleManager: Shutting down and abandoning module MovieSceneTools (406)
[2018.05.11-22.10.12:156][291]LogModuleManager: Shutting down and abandoning module OutputLog (404)
[2018.05.11-22.10.12:156][291]LogModuleManager: Shutting down and abandoning module GammaUI (402)
[2018.05.11-22.10.12:156][291]LogModuleManager: Shutting down and abandoning module Documentation (400)
[2018.05.11-22.10.12:156][291]LogModuleManager: Shutting down and abandoning module MovieSceneTracks (398)
[2018.05.11-22.10.12:156][291]LogModuleManager: Shutting down and abandoning module MovieScene (396)
[2018.05.11-22.10.12:156][291]LogModuleManager: Shutting down and abandoning module StreamingPauseRendering (394)
[2018.05.11-22.10.12:156][291]LogModuleManager: Shutting down and abandoning module LauncherPlatform (392)
[2018.05.11-22.10.12:156][291]LogModuleManager: Shutting down and abandoning module AnalyticsET (390)
[2018.05.11-22.10.12:156][291]LogModuleManager: Shutting down and abandoning module PortalServices (388)
[2018.05.11-22.10.12:156][291]LogModuleManager: Shutting down and abandoning module PortalRpc (386)
[2018.05.11-22.10.12:156][291]LogModuleManager: Shutting down and abandoning module MessagingRpc (384)
[2018.05.11-22.10.12:156][291]LogModuleManager: Shutting down and abandoning module AIModule (382)
[2018.05.11-22.10.12:157][291]LogModuleManager: Shutting down and abandoning module GameplayDebugger (381)
[2018.05.11-22.10.12:157][291]LogModuleManager: Shutting down and abandoning module AITestSuite (379)
[2018.05.11-22.10.12:157][291]LogModuleManager: Shutting down and abandoning module DesktopPlatform (376)
[2018.05.11-22.10.12:157][291]LogModuleManager: Shutting down and abandoning module ProfilerService (374)
[2018.05.11-22.10.12:296][291]LogModuleManager: Shutting down and abandoning module TaskGraph (372)
[2018.05.11-22.10.12:296][291]LogModuleManager: Shutting down and abandoning module SteamVRController (370)
[2018.05.11-22.10.12:296][291]LogModuleManager: Shutting down and abandoning module ProceduralMeshComponentEditor (368)
[2018.05.11-22.10.12:296][291]LogModuleManager: Shutting down and abandoning module ProceduralMeshComponent (366)
[2018.05.11-22.10.12:296][291]LogModuleManager: Shutting down and abandoning module OculusInput (364)
[2018.05.11-22.10.12:297][291]LogModuleManager: Shutting down and abandoning module MobilePatchingUtils (362)
[2018.05.11-22.10.12:297][291]LogModuleManager: Shutting down and abandoning module CustomMeshComponent (360)
[2018.05.11-22.10.12:297][291]LogModuleManager: Shutting down and abandoning module CableComponent (358)
[2018.05.11-22.10.12:297][291]LogModuleManager: Shutting down and abandoning module AudioCapture (356)
[2018.05.11-22.10.12:297][291]LogModuleManager: Shutting down and abandoning module ArchVisCharacter (354)
[2018.05.11-22.10.12:297][291]LogModuleManager: Shutting down and abandoning module AndroidPermission (352)
[2018.05.11-22.10.12:297][291]LogModuleManager: Shutting down and abandoning module NUTUnrealEngine4 (348)
[2018.05.11-22.10.12:297][291]LogModuleManager: Shutting down and abandoning module NetcodeUnitTest (346)
[2018.05.11-22.10.12:297][291]LogModuleManager: Shutting down and abandoning module MediaCompositingEditor (344)
[2018.05.11-22.10.12:297][291]LogModuleManager: Shutting down and abandoning module MediaCompositing (342)
[2018.05.11-22.10.12:297][291]LogModuleManager: Shutting down and abandoning module LinearTimecode (340)
[2018.05.11-22.10.12:297][291]LogModuleManager: Shutting down and abandoning module ImgMedia (338)
[2018.05.11-22.10.12:307][291]LogModuleManager: Shutting down and abandoning module HTML5Networking (336)
[2018.05.11-22.10.12:307][291]LogModuleManager: Shutting down and abandoning module AlembicImporter (334)
[2018.05.11-22.10.12:307][291]LogModuleManager: Shutting down and abandoning module AlembicLibrary (333)
[2018.05.11-22.10.12:307][291]LogModuleManager: Shutting down and abandoning module GeometryCache (332)
[2018.05.11-22.10.12:307][291]LogModuleManager: Shutting down and abandoning module GeometryCacheEd (331)
[2018.05.11-22.10.12:307][291]LogModuleManager: Shutting down and abandoning module DatasmithContent (326)
[2018.05.11-22.10.12:308][291]LogModuleManager: Shutting down and abandoning module SpeedTreeImporter (324)
[2018.05.11-22.10.12:308][291]LogModuleManager: Shutting down and abandoning module PluginBrowser (322)
[2018.05.11-22.10.12:308][291]LogModuleManager: Shutting down and abandoning module MobileLauncherProfileWizard (320)
[2018.05.11-22.10.12:308][291]LogModuleManager: Shutting down and abandoning module CryptoKeysOpenSSL (318)
[2018.05.11-22.10.12:308][291]LogModuleManager: Shutting down and abandoning module CryptoKeys (316)
[2018.05.11-22.10.12:308][291]LogModuleManager: Shutting down and abandoning module VisualStudioSourceCodeAccess (314)
[2018.05.11-22.10.12:308][291]LogModuleManager: Shutting down and abandoning module VisualStudioCodeSourceCodeAccess (312)
[2018.05.11-22.10.12:308][291]LogModuleManager: Shutting down and abandoning module UObjectPlugin (310)
[2018.05.11-22.10.12:308][291]LogModuleManager: Shutting down and abandoning module SubversionSourceControl (308)
[2018.05.11-22.10.12:308][291]LogModuleManager: Shutting down and abandoning module PerforceSourceControl (306)
[2018.05.11-22.10.12:308][291]LogModuleManager: Shutting down and abandoning module GitSourceControl (304)
[2018.05.11-22.10.12:309][291]LogModuleManager: Shutting down and abandoning module SourceControl (303)
[2018.05.11-22.10.12:309][291]LogModuleManager: Shutting down and abandoning module CLionSourceCodeAccess (300)
[2018.05.11-22.10.12:309][291]LogModuleManager: Shutting down and abandoning module LightPropagationVolumeEditor (298)
[2018.05.11-22.10.12:309][291]LogModuleManager: Shutting down and abandoning module PaperTiledImporter (296)
[2018.05.11-22.10.12:309][291]LogModuleManager: Shutting down and abandoning module PaperSpriteSheetImporter (294)
[2018.05.11-22.10.12:309][291]LogModuleManager: Shutting down and abandoning module Paper2DEditor (292)
[2018.05.11-22.10.12:309][291]LogModuleManager: Shutting down and abandoning module MeshPaint (291)
[2018.05.11-22.10.12:309][291]LogModuleManager: Shutting down and abandoning module RuntimePhysXCooking (288)
[2018.05.11-22.10.12:309][291]LogModuleManager: Shutting down and abandoning module PhysXVehiclesEditor (286)
[2018.05.11-22.10.12:309][291]LogModuleManager: Shutting down and abandoning module PhysXVehicles (284)
[2018.05.11-22.10.12:309][291]LogModuleManager: Shutting down and abandoning module OculusEditor (282)
[2018.05.11-22.10.12:309][291]LogModuleManager: Shutting down and abandoning module LocationServicesBPLibrary (280)
[2018.05.11-22.10.12:310][291]LogModuleManager: Shutting down and abandoning module ImmediatePhysicsEditor (278)
[2018.05.11-22.10.12:310][291]LogModuleManager: Shutting down and abandoning module ImmediatePhysics (276)
[2018.05.11-22.10.12:310][291]LogModuleManager: Shutting down and abandoning module ActorSequence (274)
[2018.05.11-22.10.12:310][291]LogModuleManager: Shutting down and abandoning module UdpMessaging (272)
[2018.05.11-22.10.12:410][291]LogModuleManager: Shutting down and abandoning module TcpMessaging (270)
[2018.05.11-22.10.12:511][291]LogModuleManager: Shutting down and abandoning module GameplayTagsEditor (268)
[2018.05.11-22.10.12:511][291]LogModuleManager: Shutting down and abandoning module FacialAnimationEditor (266)
[2018.05.11-22.10.12:511][291]LogModuleManager: Shutting down and abandoning module FacialAnimation (264)
[2018.05.11-22.10.12:511][291]LogModuleManager: Shutting down and abandoning module DataValidation (262)
[2018.05.11-22.10.12:511][291]LogModuleManager: Shutting down and abandoning module AssetManagerEditor (260)
[2018.05.11-22.10.12:511][291]LogModuleManager: Shutting down and abandoning module LevelEditor (259)
[2018.05.11-22.10.12:514][291]LogModuleManager: Shutting down and abandoning module PixelInspectorModule (258)
[2018.05.11-22.10.12:514][291]LogModuleManager: Shutting down and abandoning module CommonMenuExtensions (256)
[2018.05.11-22.10.12:514][291]LogModuleManager: Shutting down and abandoning module MainFrame (254)
[2018.05.11-22.10.12:515][291]LogModuleManager: Shutting down and abandoning module HotReload (253)
[2018.05.11-22.10.12:516][291]LogModuleManager: Shutting down and abandoning module ContentBrowser (249)
[2018.05.11-22.10.12:519][291]LogModuleManager: Shutting down and abandoning module TreeMap (247)
[2018.05.11-22.10.12:519][291]LogModuleManager: Shutting down and abandoning module LightPropagationVolumeRuntime (244)
[2018.05.11-22.10.12:519][291]LogModuleManager: Shutting down and abandoning module LiveLinkEditor (242)
[2018.05.11-22.10.12:519][291]LogModuleManager: Shutting down and abandoning module LiveLink (240)
[2018.05.11-22.10.12:916][291]LogModuleManager: Shutting down and abandoning module Paper2D (238)
[2018.05.11-22.10.12:916][291]LogModuleManager: Shutting down and abandoning module WindowsMoviePlayer (236)
[2018.05.11-22.10.12:916][291]LogModuleManager: Shutting down and abandoning module WmfMedia (234)
[2018.05.11-22.10.12:918][291]LogModuleManager: Shutting down and abandoning module Media (233)
[2018.05.11-22.10.12:924][291]LogModuleManager: Shutting down and abandoning module PacketHandler (230)
[2018.05.11-22.10.12:924][291]LogModuleManager: Shutting down and abandoning module ClothingSystemEditor (228)
[2018.05.11-22.10.12:925][291]LogModuleManager: Shutting down and abandoning module ClothingSystemRuntime (226)
[2018.05.11-22.10.12:925][291]LogModuleManager: Shutting down and abandoning module MediaAssets (224)
[2018.05.11-22.10.12:925][291]LogModuleManager: Shutting down and abandoning module Overlay (222)
[2018.05.11-22.10.12:925][291]LogModuleManager: Shutting down and abandoning module OverlayEditor (221)
[2018.05.11-22.10.12:925][291]LogModuleManager: Shutting down and abandoning module VREditor (218)
[2018.05.11-22.10.12:925][291]LogModuleManager: Shutting down and abandoning module StringTableEditor (216)
[2018.05.11-22.10.12:925][291]LogModuleManager: Shutting down and abandoning module GameplayTasksEditor (214)
[2018.05.11-22.10.12:925][291]LogModuleManager: Shutting down and abandoning module BehaviorTreeEditor (212)
[2018.05.11-22.10.12:925][291]LogModuleManager: Shutting down and abandoning module FunctionalTesting (210)
[2018.05.11-22.10.12:925][291]LogModuleManager: Shutting down and abandoning module CollisionAnalyzer (208)
[2018.05.11-22.10.12:925][291]LogModuleManager: Shutting down and abandoning module WorkspaceMenuStructure (207)
[2018.05.11-22.10.12:925][291]LogModuleManager: Shutting down and abandoning module UMG (204)
[2018.05.11-22.10.12:925][291]LogModuleManager: Shutting down and abandoning module UMGEditor (203)
[2018.05.11-22.10.12:925][291]LogModuleManager: Shutting down and abandoning module Sequencer (202)
[2018.05.11-22.10.12:925][291]LogModuleManager: Shutting down and abandoning module MessageLog (199)
[2018.05.11-22.10.12:926][291]LogModuleManager: Shutting down and abandoning module SlateReflector (194)
[2018.05.11-22.10.12:926][291]LogModuleManager: Shutting down and abandoning module Slate (192)
[2018.05.11-22.10.12:926][291]LogModuleManager: Shutting down and abandoning module EditorStyle (190)
[2018.05.11-22.10.12:929][291]LogModuleManager: Shutting down and abandoning module MRMesh (188)
[2018.05.11-22.10.12:929][291]LogModuleManager: Shutting down and abandoning module SourceCodeAccess (186)
[2018.05.11-22.10.12:929][291]LogModuleManager: Shutting down and abandoning module HeadMountedDisplay (184)
[2018.05.11-22.10.12:929][291]LogModuleManager: Shutting down and abandoning module XAudio2 (182)
[2018.05.11-22.10.12:929][291]LogModuleManager: Shutting down and abandoning module Networking (180)
[2018.05.11-22.10.12:929][291]LogModuleManager: Shutting down and abandoning module Core (178)
[2018.05.11-22.10.12:929][291]LogModuleManager: Shutting down and abandoning module LevelSequence (176)
[2018.05.11-22.10.12:929][291]LogModuleManager: Shutting down and abandoning module KismetCompiler (174)
[2018.05.11-22.10.12:929][291]LogModuleManager: Shutting down and abandoning module MeshUtilities (172)
[2018.05.11-22.10.12:929][291]LogModuleManager: Shutting down and abandoning module MeshMergeUtilities (171)
[2018.05.11-22.10.12:930][291]LogModuleManager: Shutting down and abandoning module MeshReductionInterface (170)
[2018.05.11-22.10.12:930][291]LogModuleManager: Shutting down and abandoning module SimplygonSwarm (169)
[2018.05.11-22.10.12:930][291]LogModuleManager: Shutting down and abandoning module SimplygonMeshReduction (167)
[2018.05.11-22.10.12:930][291]LogModuleManager: Shutting down and abandoning module QuadricMeshReduction (165)
[2018.05.11-22.10.12:930][291]LogModuleManager: Shutting down and abandoning module MaterialBaking (161)
[2018.05.11-22.10.12:930][291]LogModuleManager: Shutting down and abandoning module DirectoryWatcher (157)
[2018.05.11-22.10.12:935][291]LogModuleManager: Shutting down and abandoning module DerivedDataCache (154)
[2018.05.11-22.10.12:988][291]LogDerivedDataCache: Shutdown
[2018.05.11-22.10.12:988][291]LogModuleManager: Shutting down and abandoning module XGEController (152)
[2018.05.11-22.10.12:988][291]LogXGEController: Cleaning working directory: C:/Users/Morbidcaine/AppData/Local/Temp/UnrealXGEWorkingDir/
[2018.05.11-22.10.12:989][291]LogModuleManager: Shutting down and abandoning module TargetPlatform (150)
[2018.05.11-22.10.12:989][291]LogModuleManager: Shutting down and abandoning module VulkanShaderFormat (149)
[2018.05.11-22.10.12:989][291]LogModuleManager: Shutting down and abandoning module ShaderFormatVectorVM (147)
[2018.05.11-22.10.12:989][291]LogModuleManager: Shutting down and abandoning module ShaderFormatOpenGL (145)
[2018.05.11-22.10.12:989][291]LogModuleManager: Shutting down and abandoning module ShaderFormatD3D (143)
[2018.05.11-22.10.12:989][291]LogModuleManager: Shutting down and abandoning module MetalShaderFormat (141)
[2018.05.11-22.10.12:989][291]LogModuleManager: Shutting down and abandoning module TextureFormatUncompressed (139)
[2018.05.11-22.10.12:989][291]LogModuleManager: Shutting down and abandoning module TextureFormatPVR (137)
[2018.05.11-22.10.12:989][291]LogModuleManager: Shutting down and abandoning module TextureFormatDXT (135)
[2018.05.11-22.10.12:989][291]LogModuleManager: Shutting down and abandoning module TextureFormatIntelISPCTexComp (133)
[2018.05.11-22.10.12:989][291]LogModuleManager: Shutting down and abandoning module TextureFormatASTC (131)
[2018.05.11-22.10.12:989][291]LogModuleManager: Shutting down and abandoning module ImageWrapper (130)
[2018.05.11-22.10.12:989][291]LogModuleManager: Shutting down and abandoning module TextureFormatAndroid (127)
[2018.05.11-22.10.12:989][291]LogModuleManager: Shutting down and abandoning module AudioFormatOpus (125)
[2018.05.11-22.10.12:989][291]LogModuleManager: Shutting down and abandoning module AudioFormatOgg (123)
[2018.05.11-22.10.12:989][291]LogModuleManager: Shutting down and abandoning module AudioFormatADPCM (121)
[2018.05.11-22.10.12:989][291]LogModuleManager: Shutting down and abandoning module LinuxTargetPlatform (119)
[2018.05.11-22.10.12:989][291]LogModuleManager: Shutting down and abandoning module LinuxServerTargetPlatform (117)
[2018.05.11-22.10.12:989][291]LogModuleManager: Shutting down and abandoning module LinuxNoEditorTargetPlatform (115)
[2018.05.11-22.10.12:989][291]LogModuleManager: Shutting down and abandoning module LinuxClientTargetPlatform (113)
[2018.05.11-22.10.12:989][291]LogModuleManager: Shutting down and abandoning module TVOSTargetPlatform (111)
[2018.05.11-22.10.12:989][291]LogModuleManager: Shutting down and abandoning module Messaging (109)
[2018.05.11-22.10.12:989][291]LogModuleManager: Shutting down and abandoning module IOSTargetPlatform (107)
[2018.05.11-22.10.12:989][291]LogModuleManager: Shutting down and abandoning module HTML5TargetPlatform (105)
[2018.05.11-22.10.12:989][291]LogModuleManager: Shutting down and abandoning module AndroidTargetPlatform (103)
[2018.05.11-22.10.12:989][291]LogModuleManager: Shutting down and abandoning module Android_PVRTCTargetPlatform (101)
[2018.05.11-22.10.12:989][291]LogModuleManager: Shutting down and abandoning module Android_MultiTargetPlatform (99)
[2018.05.11-22.10.12:989][291]LogModuleManager: Shutting down and abandoning module Android_ETC2TargetPlatform (97)
[2018.05.11-22.10.12:989][291]LogModuleManager: Shutting down and abandoning module Android_ETC1TargetPlatform (95)
[2018.05.11-22.10.12:989][291]LogModuleManager: Shutting down and abandoning module Android_ETC1aTargetPlatform (93)
[2018.05.11-22.10.12:989][291]LogModuleManager: Shutting down and abandoning module Android_DXTTargetPlatform (91)
[2018.05.11-22.10.12:990][291]LogModuleManager: Shutting down and abandoning module Android_ATCTargetPlatform (89)
[2018.05.11-22.10.12:990][291]LogModuleManager: Shutting down and abandoning module Android_ASTCTargetPlatform (87)
[2018.05.11-22.10.12:990][291]LogModuleManager: Shutting down and abandoning module WindowsTargetPlatform (85)
[2018.05.11-22.10.12:990][291]LogModuleManager: Shutting down and abandoning module WindowsServerTargetPlatform (83)
[2018.05.11-22.10.12:990][291]LogModuleManager: Shutting down and abandoning module WindowsNoEditorTargetPlatform (81)
[2018.05.11-22.10.12:990][291]LogModuleManager: Shutting down and abandoning module WindowsClientTargetPlatform (79)
[2018.05.11-22.10.12:990][291]LogModuleManager: Shutting down and abandoning module MacTargetPlatform (77)
[2018.05.11-22.10.12:990][291]LogModuleManager: Shutting down and abandoning module MacServerTargetPlatform (75)
[2018.05.11-22.10.12:990][291]LogModuleManager: Shutting down and abandoning module MacNoEditorTargetPlatform (73)
[2018.05.11-22.10.12:990][291]LogModuleManager: Shutting down and abandoning module MacClientTargetPlatform (71)
[2018.05.11-22.10.12:990][291]LogModuleManager: Shutting down and abandoning module AllDesktopTargetPlatform (69)
[2018.05.11-22.10.12:990][291]LogModuleManager: Shutting down and abandoning module InputCore (66)
[2018.05.11-22.10.12:990][291]LogModuleManager: Shutting down and abandoning module Settings (64)
[2018.05.11-22.10.12:990][291]LogModuleManager: Shutting down and abandoning module PhysXCooking (62)
[2018.05.11-22.10.12:990][291]LogModuleManager: Shutting down and abandoning module SteamVR (60)
[2018.05.11-22.10.12:990][291]LogModuleManager: Shutting down and abandoning module OculusHMD (58)
[2018.05.11-22.10.12:990][291]LogModuleManager: Shutting down and abandoning module ExampleDeviceProfileSelector (56)
[2018.05.11-22.10.12:990][291]LogModuleManager: Shutting down and abandoning module AppleARKit (54)
[2018.05.11-22.10.12:990][291]LogModuleManager: Shutting down and abandoning module AugmentedReality (51)
[2018.05.11-22.10.12:990][291]LogModuleManager: Shutting down and abandoning module OnlineBlueprintSupport (48)
[2018.05.11-22.10.12:990][291]LogModuleManager: Shutting down and abandoning module OnlineSubsystem (44)
[2018.05.11-22.10.12:990][291]LogModuleManager: Shutting down and abandoning module XMPP (43)
[2018.05.11-22.10.12:990][291]LogModuleManager: Shutting down and abandoning module HTTP (41)
[2018.05.11-22.10.12:990][291]LogHttp: Display: Http module shutting down, but needs to wait on 1 outstanding Http requests:
[2018.05.11-22.10.12:990][291]LogHttp: Display: 	verb=[POST] url=[https://datarouter.ol.epicgames.com/datarouter/api/v1/public/data?SessionID=%7BABA606AA-4FFB-580C-AE58-59A00009A9F7%7D&AppID=UEEditor.Rocket.Release&AppVersion=4.19.2-4033788%2B%2B%2BUE4%2BRelease-4.19&UserID=ce7d386d43f4e5d1abc4fdb50a8d5ed5%7Cb7ad99e3e5b44b1dba12277960fe67b1%7Ced323738-6c4f-4cec-9d56-b883263d51ae&AppEnvironment=datacollector-binary&UploadType=eteventstream] status=Processing
[2018.05.11-22.10.13:022][291]LogModuleManager: Shutting down and abandoning module SSL (40)
[2018.05.11-22.10.13:025][291]LogModuleManager: Shutting down and abandoning module AnimationModifiers (36)
[2018.05.11-22.10.13:025][291]LogModuleManager: Shutting down and abandoning module PropertyEditor (35)
[2018.05.11-22.10.13:025][291]LogModuleManager: Shutting down and abandoning module AudioEditor (32)
[2018.05.11-22.10.13:025][291]LogModuleManager: Shutting down and abandoning module TextureCompressor (30)
[2018.05.11-22.10.13:026][291]LogModuleManager: Shutting down and abandoning module ShaderCore (28)
[2018.05.11-22.10.13:026][291]LogModuleManager: Shutting down and abandoning module Landscape (26)
[2018.05.11-22.10.13:026][291]LogModuleManager: Shutting down and abandoning module SlateRHIRenderer (24)
[2018.05.11-22.10.13:028][291]LogModuleManager: Shutting down and abandoning module OpenGLDrv (22)
[2018.05.11-22.10.13:028][291]LogModuleManager: Shutting down and abandoning module D3D11RHI (20)
[2018.05.11-22.10.13:028][291]LogModuleManager: Shutting down and abandoning module AnimGraphRuntime (18)
[2018.05.11-22.10.13:028][291]LogModuleManager: Shutting down and abandoning module Renderer (16)
[2018.05.11-22.10.13:028][291]LogModuleManager: Shutting down and abandoning module Engine (14)
[2018.05.11-22.10.13:028][291]LogModuleManager: Shutting down and abandoning module CoreUObject (12)
[2018.05.11-22.10.13:028][291]LogModuleManager: Shutting down and abandoning module NetworkFile (10)
[2018.05.11-22.10.13:028][291]LogModuleManager: Shutting down and abandoning module CookedIterativeFile (8)
[2018.05.11-22.10.13:028][291]LogModuleManager: Shutting down and abandoning module StreamingFile (6)
[2018.05.11-22.10.13:028][291]LogModuleManager: Shutting down and abandoning module SandboxFile (4)
[2018.05.11-22.10.13:028][291]LogModuleManager: Shutting down and abandoning module PakFile (2)
[2018.05.11-22.10.13:061][291]LogExit: Exiting.
[2018.05.11-22.10.13:087][291]Log file closed, 05/11/18 17:10:13
